[2025-11-17T21:01:29.353+0000][0.004s] Using G1
[2025-11-17T21:01:29.847+0000][0.498s] Version: 17.0.12+7 (release)
[2025-11-17T21:01:29.847+0000][0.498s] CPUs: 16 total, 16 available
[2025-11-17T21:01:29.847+0000][0.498s] Memory: 15848M
[2025-11-17T21:01:29.847+0000][0.498s] Large Page Support: Disabled
[2025-11-17T21:01:29.847+0000][0.498s] NUMA Support: Disabled
[2025-11-17T21:01:29.847+0000][0.498s] Compressed Oops: Enabled (32-bit)
[2025-11-17T21:01:29.847+0000][0.498s] Heap Region Size: 1M
[2025-11-17T21:01:29.847+0000][0.498s] Heap Min Capacity: 2G
[2025-11-17T21:01:29.847+0000][0.498s] Heap Initial Capacity: 2G
[2025-11-17T21:01:29.847+0000][0.498s] Heap Max Capacity: 2G
[2025-11-17T21:01:29.847+0000][0.498s] Pre-touch: Enabled
[2025-11-17T21:01:29.847+0000][0.498s] Parallel Workers: 13
[2025-11-17T21:01:29.847+0000][0.498s] Concurrent Workers: 3
[2025-11-17T21:01:29.847+0000][0.498s] Concurrent Refinement Workers: 13
[2025-11-17T21:01:29.848+0000][0.498s] Periodic GC: Disabled
[2025-11-17T21:01:29.859+0000][0.509s] CDS archive(s) mapped at: [0x00007f704f000000-0x00007f704fa60000-0x00007f704fa60000), size 10878976, SharedBaseAddress: 0x00007f704f000000, ArchiveRelocationMode: 1.
[2025-11-17T21:01:29.859+0000][0.509s] Compressed class space mapped at: 0x00007f7050000000-0x00007f7090000000, reserved size: 1073741824
[2025-11-17T21:01:29.859+0000][0.509s] Narrow klass base: 0x00007f704f000000, Narrow klass shift: 0, Narrow klass range: 0x100000000
[2025-11-17T21:01:31.589+0000][2.240s] GC(0) Pause Young (Normal) (G1 Evacuation Pause)
[2025-11-17T21:01:31.590+0000][2.240s] GC(0) Using 13 workers of 13 for evacuation
[2025-11-17T21:01:31.594+0000][2.245s] GC(0)   Pre Evacuate Collection Set: 0.3ms
[2025-11-17T21:01:31.594+0000][2.245s] GC(0)   Merge Heap Roots: 0.2ms
[2025-11-17T21:01:31.594+0000][2.245s] GC(0)   Evacuate Collection Set: 3.2ms
[2025-11-17T21:01:31.594+0000][2.245s] GC(0)   Post Evacuate Collection Set: 0.8ms
[2025-11-17T21:01:31.594+0000][2.245s] GC(0)   Other: 0.2ms
[2025-11-17T21:01:31.594+0000][2.245s] GC(0) Eden regions: 102->0(89)
[2025-11-17T21:01:31.594+0000][2.245s] GC(0) Survivor regions: 0->13(13)
[2025-11-17T21:01:31.594+0000][2.245s] GC(0) Old regions: 0->5
[2025-11-17T21:01:31.594+0000][2.245s] GC(0) Archive regions: 2->2
[2025-11-17T21:01:31.594+0000][2.245s] GC(0) Humongous regions: 4->4
[2025-11-17T21:01:31.594+0000][2.245s] GC(0) Metaspace: 18816K(19200K)->18816K(19200K) NonClass: 16522K(16704K)->16522K(16704K) Class: 2294K(2496K)->2294K(2496K)
[2025-11-17T21:01:31.594+0000][2.245s] GC(0) Pause Young (Normal) (G1 Evacuation Pause) 106M->22M(2048M) 4.793ms
[2025-11-17T21:01:31.594+0000][2.245s] GC(0) User=0.02s Sys=0.02s Real=0.00s
[2025-11-17T21:01:31.756+0000][2.407s] GC(1) Pause Young (Concurrent Start) (Metadata GC Threshold)
[2025-11-17T21:01:31.756+0000][2.407s] GC(1) Using 13 workers of 13 for evacuation
[2025-11-17T21:01:31.760+0000][2.411s] GC(1)   Pre Evacuate Collection Set: 0.3ms
[2025-11-17T21:01:31.760+0000][2.411s] GC(1)   Merge Heap Roots: 0.1ms
[2025-11-17T21:01:31.760+0000][2.411s] GC(1)   Evacuate Collection Set: 2.6ms
[2025-11-17T21:01:31.760+0000][2.411s] GC(1)   Post Evacuate Collection Set: 0.5ms
[2025-11-17T21:01:31.760+0000][2.411s] GC(1)   Other: 0.2ms
[2025-11-17T21:01:31.760+0000][2.411s] GC(1) Eden regions: 13->0(127)
[2025-11-17T21:01:31.760+0000][2.411s] GC(1) Survivor regions: 13->2(13)
[2025-11-17T21:01:31.760+0000][2.411s] GC(1) Old regions: 5->19
[2025-11-17T21:01:31.760+0000][2.411s] GC(1) Archive regions: 2->2
[2025-11-17T21:01:31.760+0000][2.411s] GC(1) Humongous regions: 4->4
[2025-11-17T21:01:31.760+0000][2.411s] GC(1) Metaspace: 21196K(21504K)->21196K(21504K) NonClass: 18603K(18752K)->18603K(18752K) Class: 2592K(2752K)->2592K(2752K)
[2025-11-17T21:01:31.760+0000][2.411s] GC(1) Pause Young (Concurrent Start) (Metadata GC Threshold) 35M->24M(2048M) 3.895ms
[2025-11-17T21:01:31.760+0000][2.411s] GC(1) User=0.04s Sys=0.00s Real=0.01s
[2025-11-17T21:01:31.760+0000][2.411s] GC(2) Concurrent Mark Cycle
[2025-11-17T21:01:31.760+0000][2.411s] GC(2) Concurrent Clear Claimed Marks
[2025-11-17T21:01:31.760+0000][2.411s] GC(2) Concurrent Clear Claimed Marks 0.033ms
[2025-11-17T21:01:31.760+0000][2.411s] GC(2) Concurrent Scan Root Regions
[2025-11-17T21:01:31.762+0000][2.412s] GC(2) Concurrent Scan Root Regions 1.497ms
[2025-11-17T21:01:31.762+0000][2.412s] GC(2) Concurrent Mark
[2025-11-17T21:01:31.762+0000][2.412s] GC(2) Concurrent Mark From Roots
[2025-11-17T21:01:31.762+0000][2.412s] GC(2) Using 3 workers of 3 for marking
[2025-11-17T21:01:31.765+0000][2.415s] GC(2) Concurrent Mark From Roots 2.916ms
[2025-11-17T21:01:31.765+0000][2.415s] GC(2) Concurrent Preclean
[2025-11-17T21:01:31.765+0000][2.415s] GC(2) Concurrent Preclean 0.039ms
[2025-11-17T21:01:31.765+0000][2.415s] GC(2) Pause Remark
[2025-11-17T21:01:31.767+0000][2.417s] GC(2) Pause Remark 24M->24M(2048M) 1.571ms
[2025-11-17T21:01:31.767+0000][2.417s] GC(2) User=0.00s Sys=0.00s Real=0.00s
[2025-11-17T21:01:31.767+0000][2.417s] GC(2) Concurrent Mark 4.761ms
[2025-11-17T21:01:31.767+0000][2.417s] GC(2) Concurrent Rebuild Remembered Sets
[2025-11-17T21:01:31.769+0000][2.419s] GC(2) Concurrent Rebuild Remembered Sets 2.259ms
[2025-11-17T21:01:31.769+0000][2.420s] GC(2) Pause Cleanup
[2025-11-17T21:01:31.769+0000][2.420s] GC(2) Pause Cleanup 24M->24M(2048M) 0.299ms
[2025-11-17T21:01:31.769+0000][2.420s] GC(2) User=0.00s Sys=0.00s Real=0.00s
[2025-11-17T21:01:31.769+0000][2.420s] GC(2) Concurrent Cleanup for Next Mark
[2025-11-17T21:01:31.771+0000][2.421s] GC(2) Concurrent Cleanup for Next Mark 1.258ms
[2025-11-17T21:01:31.771+0000][2.421s] GC(2) Concurrent Mark Cycle 10.472ms
[2025-11-17T21:01:32.736+0000][3.387s] GC(3) Pause Young (Concurrent Start) (Metadata GC Threshold)
[2025-11-17T21:01:32.736+0000][3.387s] GC(3) Using 13 workers of 13 for evacuation
[2025-11-17T21:01:32.740+0000][3.391s] GC(3)   Pre Evacuate Collection Set: 0.3ms
[2025-11-17T21:01:32.740+0000][3.391s] GC(3)   Merge Heap Roots: 0.2ms
[2025-11-17T21:01:32.740+0000][3.391s] GC(3)   Evacuate Collection Set: 2.1ms
[2025-11-17T21:01:32.740+0000][3.391s] GC(3)   Post Evacuate Collection Set: 1.1ms
[2025-11-17T21:01:32.740+0000][3.391s] GC(3)   Other: 0.2ms
[2025-11-17T21:01:32.740+0000][3.391s] GC(3) Eden regions: 89->0(194)
[2025-11-17T21:01:32.740+0000][3.391s] GC(3) Survivor regions: 2->7(17)
[2025-11-17T21:01:32.740+0000][3.391s] GC(3) Old regions: 19->19
[2025-11-17T21:01:32.740+0000][3.391s] GC(3) Archive regions: 2->2
[2025-11-17T21:01:32.740+0000][3.391s] GC(3) Humongous regions: 4->4
[2025-11-17T21:01:32.740+0000][3.391s] GC(3) Metaspace: 35588K(35968K)->35588K(35968K) NonClass: 31155K(31296K)->31155K(31296K) Class: 4433K(4672K)->4433K(4672K)
[2025-11-17T21:01:32.741+0000][3.391s] GC(3) Pause Young (Concurrent Start) (Metadata GC Threshold) 113M->29M(2048M) 4.060ms
[2025-11-17T21:01:32.741+0000][3.391s] GC(3) User=0.04s Sys=0.00s Real=0.01s
[2025-11-17T21:01:32.741+0000][3.391s] GC(4) Concurrent Mark Cycle
[2025-11-17T21:01:32.741+0000][3.391s] GC(4) Concurrent Clear Claimed Marks
[2025-11-17T21:01:32.741+0000][3.391s] GC(4) Concurrent Clear Claimed Marks 0.031ms
[2025-11-17T21:01:32.741+0000][3.391s] GC(4) Concurrent Scan Root Regions
[2025-11-17T21:01:32.742+0000][3.393s] GC(4) Concurrent Scan Root Regions 1.572ms
[2025-11-17T21:01:32.742+0000][3.393s] GC(4) Concurrent Mark
[2025-11-17T21:01:32.742+0000][3.393s] GC(4) Concurrent Mark From Roots
[2025-11-17T21:01:32.742+0000][3.393s] GC(4) Using 3 workers of 3 for marking
[2025-11-17T21:01:32.751+0000][3.401s] GC(4) Concurrent Mark From Roots 8.390ms
[2025-11-17T21:01:32.751+0000][3.401s] GC(4) Concurrent Preclean
[2025-11-17T21:01:32.751+0000][3.401s] GC(4) Concurrent Preclean 0.076ms
[2025-11-17T21:01:32.753+0000][3.403s] GC(4) Pause Remark
[2025-11-17T21:01:32.755+0000][3.406s] GC(4) Pause Remark 31M->31M(2048M) 2.216ms
[2025-11-17T21:01:32.755+0000][3.406s] GC(4) User=0.01s Sys=0.00s Real=0.00s
[2025-11-17T21:01:32.755+0000][3.406s] GC(4) Concurrent Mark 13.125ms
[2025-11-17T21:01:32.755+0000][3.406s] GC(4) Concurrent Rebuild Remembered Sets
[2025-11-17T21:01:32.759+0000][3.409s] GC(4) Concurrent Rebuild Remembered Sets 3.509ms
[2025-11-17T21:01:32.759+0000][3.410s] GC(4) Pause Cleanup
[2025-11-17T21:01:32.760+0000][3.410s] GC(4) Pause Cleanup 31M->31M(2048M) 0.420ms
[2025-11-17T21:01:32.760+0000][3.410s] GC(4) User=0.01s Sys=0.00s Real=0.00s
[2025-11-17T21:01:32.760+0000][3.410s] GC(4) Concurrent Cleanup for Next Mark
[2025-11-17T21:01:32.762+0000][3.412s] GC(4) Concurrent Cleanup for Next Mark 1.848ms
[2025-11-17T21:01:32.762+0000][3.412s] GC(4) Concurrent Mark Cycle 21.068ms
[2025-11-17T21:02:18.807+0000][47.518s] GC(5) Pause Young (Normal) (G1 Evacuation Pause)
[2025-11-17T21:02:18.807+0000][47.518s] GC(5) Using 13 workers of 13 for evacuation
[2025-11-17T21:02:18.813+0000][47.524s] GC(5)   Pre Evacuate Collection Set: 0.3ms
[2025-11-17T21:02:18.813+0000][47.524s] GC(5)   Merge Heap Roots: 0.2ms
[2025-11-17T21:02:18.813+0000][47.524s] GC(5)   Evacuate Collection Set: 4.8ms
[2025-11-17T21:02:18.813+0000][47.524s] GC(5)   Post Evacuate Collection Set: 0.8ms
[2025-11-17T21:02:18.813+0000][47.524s] GC(5)   Other: 0.2ms
[2025-11-17T21:02:18.813+0000][47.524s] GC(5) Eden regions: 194->0(348)
[2025-11-17T21:02:18.813+0000][47.524s] GC(5) Survivor regions: 7->26(26)
[2025-11-17T21:02:18.813+0000][47.524s] GC(5) Old regions: 19->19
[2025-11-17T21:02:18.813+0000][47.524s] GC(5) Archive regions: 2->2
[2025-11-17T21:02:18.813+0000][47.524s] GC(5) Humongous regions: 4->4
[2025-11-17T21:02:18.813+0000][47.524s] GC(5) Metaspace: 55140K(55680K)->55140K(55680K) NonClass: 48089K(48384K)->48089K(48384K) Class: 7051K(7296K)->7051K(7296K)
[2025-11-17T21:02:18.813+0000][47.524s] GC(5) Pause Young (Normal) (G1 Evacuation Pause) 223M->48M(2048M) 6.283ms
[2025-11-17T21:02:18.813+0000][47.524s] GC(5) User=0.08s Sys=0.00s Real=0.01s
