2025-11-17 21:01:31.261 INFO  (main) [c: s: r: x: t:] o.e.j.s.Server jetty-10.0.19; built: 2023-12-15T20:38:32.477Z; git: 8492d1c78f122bb30cce20aecfa07e7283facd47; jvm 17.0.12+7
2025-11-17 21:01:31.554 WARN  (main) [c: s: r: x: t:] o.e.j.u.DeprecationWarning Using @Deprecated Class org.eclipse.jetty.servlet.listener.ELContextCleaner
2025-11-17 21:01:31.586 INFO  (main) [c: s: r: x: t:] o.a.s.s.CoreContainerProvider Using logger factory org.apache.logging.slf4j.Log4jLoggerFactory
2025-11-17 21:01:31.599 INFO  (main) [c: s: r: x: t:] o.a.s.s.CoreContainerProvider  ___      _       Welcome to Apache Solr™ version 9.5.0
2025-11-17 21:01:31.600 INFO  (main) [c: s: r: x: t:] o.a.s.s.CoreContainerProvider / __| ___| |_ _   Starting in standalone mode on port 8983
2025-11-17 21:01:31.600 INFO  (main) [c: s: r: x: t:] o.a.s.s.CoreContainerProvider \__ \/ _ \ | '_|  Install dir: /opt/solr-9.5.0
2025-11-17 21:01:31.600 INFO  (main) [c: s: r: x: t:] o.a.s.s.CoreContainerProvider |___/\___/_|_|    Start time: 2025-11-17T21:01:31.600440066Z
2025-11-17 21:01:31.603 INFO  (main) [c: s: r: x: t:] o.a.s.s.CoreContainerProvider Solr started with "-XX:+CrashOnOutOfMemoryError" that will crash on any OutOfMemoryError exception. The cause of the OOME will be logged in the crash file at the following path: /var/solr/logs/jvm_crash_13.log
2025-11-17 21:01:31.627 INFO  (main) [c: s: r: x: t:] o.a.s.s.CoreContainerProvider Solr Home: /var/solr/data (source: system property: solr.solr.home)
2025-11-17 21:01:31.647 INFO  (main) [c: s: r: x: t:] o.a.s.c.SolrXmlConfig solr.xml not found in SOLR_HOME, using built-in default
2025-11-17 21:01:31.647 INFO  (main) [c: s: r: x: t:] o.a.s.c.SolrXmlConfig Loading solr.xml from /opt/solr-9.5.0/server/solr/solr.xml
2025-11-17 21:01:31.689 INFO  (main) [c: s: r: x: t:] o.a.s.c.SolrResourceLoader Added 1 libs to classloader, from paths: [/opt/solr-9.5.0/lib]
2025-11-17 21:01:32.238 INFO  (main) [c: s: r: x: t:] o.a.s.u.t.SimplePropagator Always-on trace id generation enabled.
2025-11-17 21:01:32.513 WARN  (main) [c: s: r: x: t:] o.a.s.u.StartupLoggingUtils Jetty request logging enabled. Will retain logs for last 3 days. See chapter "Configuring Logging" in reference guide for how to configure.
2025-11-17 21:01:32.515 WARN  (main) [c: s: r: x: t:] o.a.s.c.CoreContainer Not all security plugins configured!  authentication=disabled authorization=disabled.  Solr is only as secure as you make it. Consider configuring authentication/authorization before exposing Solr to users internal or external.  See https://s.apache.org/solrsecurity for more info
2025-11-17 21:01:32.696 INFO  (main) [c: s: r: x: t:] o.a.s.c.CorePropertiesLocator Found 1 core definitions underneath /var/solr/data
2025-11-17 21:01:32.696 INFO  (main) [c: s: r: x: t:] o.a.s.c.CorePropertiesLocator Cores are: [rag_core]
2025-11-17 21:01:32.727 INFO  (coreLoadExecutor-11-thread-1) [c: s: r: x:rag_core t:] o.a.s.c.SolrConfig Using Lucene MatchVersion: 9.9.0
2025-11-17 21:01:32.806 INFO  (coreLoadExecutor-11-thread-1) [c: s: r: x:rag_core t:] o.a.s.s.IndexSchema Schema name=default-config
2025-11-17 21:01:32.920 WARN  (main) [c: s: r: x: t:] o.g.j.m.i.MessagingBinders A class jakarta.activation.DataSource for a default provider MessageBodyWriter<jakarta.activation.DataSource> was not found. The provider is not available.
2025-11-17 21:01:33.064 INFO  (coreLoadExecutor-11-thread-1) [c: s: r: x:rag_core t:] o.a.s.s.IndexSchema Loaded schema default-config/1.6 with uniqueid field id
2025-11-17 21:01:33.064 INFO  (coreLoadExecutor-11-thread-1) [c: s: r: x:rag_core t:] o.a.s.c.CoreContainer Creating SolrCore 'rag_core' using configuration from instancedir /var/solr/data/rag_core, trusted=true
2025-11-17 21:01:33.110 INFO  (coreLoadExecutor-11-thread-1) [c: s: r: x:rag_core t:] o.a.s.c.SolrCore Opening new SolrCore at [/var/solr/data/rag_core], dataDir=[/var/solr/data/rag_core/data/]
2025-11-17 21:01:33.230 INFO  (main) [c: s: r: x: t:] o.a.s.j.SolrRequestAuthorizer Creating a new SolrRequestAuthorizer
2025-11-17 21:01:33.422 INFO  (main) [c: s: r: x: t:] o.e.j.s.h.ContextHandler Started o.e.j.w.WebAppContext@655a5d9c{solr-jetty-context.xml,/solr,file:///opt/solr-9.5.0/server/solr-webapp/webapp/,AVAILABLE}{/opt/solr-9.5.0/server/solr-webapp/webapp}
2025-11-17 21:01:33.430 INFO  (main) [c: s: r: x: t:] o.e.j.s.RequestLogWriter Opened /var/solr/logs/2025_11_17.request.log
2025-11-17 21:01:33.436 INFO  (main) [c: s: r: x: t:] o.e.j.s.AbstractConnector Started ServerConnector@2b95e48b{HTTP/1.1, (http/1.1, h2c)}{0.0.0.0:8983}
2025-11-17 21:01:33.437 INFO  (main) [c: s: r: x: t:] o.e.j.s.Server Started Server@376a312c{STARTING}[10.0.19,sto=0] @4087ms
2025-11-17 21:01:33.685 INFO  (coreLoadExecutor-11-thread-1) [c: s: r: x:rag_core t:] o.a.s.j.SolrRequestAuthorizer Creating a new SolrRequestAuthorizer
2025-11-17 21:01:33.709 INFO  (coreLoadExecutor-11-thread-1) [c: s: r: x:rag_core t:] o.a.s.u.UpdateHandler Using UpdateLog implementation: org.apache.solr.update.UpdateLog
2025-11-17 21:01:33.709 INFO  (coreLoadExecutor-11-thread-1) [c: s: r: x:rag_core t:] o.a.s.u.UpdateLog Initializing UpdateLog: dataDir= defaultSyncLevel=FLUSH numRecordsToKeep=100 maxNumLogsToKeep=10 numVersionBuckets=65536
2025-11-17 21:01:33.743 INFO  (coreLoadExecutor-11-thread-1) [c: s: r: x:rag_core t:] o.a.s.u.CommitTracker Hard AutoCommit: if uncommitted for 15000ms; 
2025-11-17 21:01:33.744 INFO  (coreLoadExecutor-11-thread-1) [c: s: r: x:rag_core t:] o.a.s.u.CommitTracker Soft AutoCommit: if uncommitted for 3000ms; 
2025-11-17 21:01:33.904 INFO  (coreLoadExecutor-11-thread-1) [c: s: r: x:rag_core t:] o.a.s.r.ManagedResourceStorage File-based storage initialized to use dir: /var/solr/data/rag_core/conf
2025-11-17 21:01:33.919 INFO  (coreLoadExecutor-11-thread-1) [c: s: r: x:rag_core t:] o.a.s.s.DirectSolrSpellChecker init: {accuracy=0.5, maxQueryFrequency=0.01, maxEdits=2, minPrefix=1, maxInspections=5, minQueryLength=4, name=default, field=_text_, classname=solr.DirectSolrSpellChecker, distanceMeasure=internal}
2025-11-17 21:01:33.926 INFO  (coreLoadExecutor-11-thread-1) [c: s: r: x:rag_core t:] o.a.s.h.ReplicationHandler Commits will be reserved for 10000 ms
2025-11-17 21:01:33.927 INFO  (searcherExecutor-13-thread-1-processing-rag_core) [c: s: r: x:rag_core t:] o.a.s.c.QuerySenderListener QuerySenderListener done.
2025-11-17 21:01:33.927 INFO  (searcherExecutor-13-thread-1-processing-rag_core) [c: s: r: x:rag_core t:] o.a.s.h.c.SpellCheckComponent Loading spell index for spellchecker: default
2025-11-17 21:01:33.934 INFO  (searcherExecutor-13-thread-1-processing-rag_core) [c: s: r: x:rag_core t:] o.a.s.c.SolrCore Registered new searcher autowarm time: 0 ms
2025-11-17 21:01:36.906 INFO  (qtp693267461-54-null-1) [c: s: r: x:rag_core t:null-1] o.a.s.c.S.Request webapp=/solr path=/select params={q=*:*&rows=0} hits=354 status=0 QTime=23
2025-11-17 21:02:15.766 INFO  (qtp693267461-29-null-3) [c: s: r: x: t:null-3] o.a.s.s.HttpSolrCall [admin] webapp=null path=/admin/cores params={core=rag_core&action=STATUS} status=0 QTime=4
2025-11-17 21:02:15.785 ERROR (qtp693267461-30-null-4) [c: s: r: x:rag_core t:null-4] o.a.s.s.SchemaManager Could not add field => org.apache.solr.common.SolrException: Field 'id' already exists.
	at org.apache.solr.schema.ManagedIndexSchema.newField(ManagedIndexSchema.java:1313)
org.apache.solr.common.SolrException: Field 'id' already exists.
	at org.apache.solr.schema.ManagedIndexSchema.newField(ManagedIndexSchema.java:1313) ~[?:?]
	at org.apache.solr.schema.SchemaManager$OpType$3.perform(SchemaManager.java:277) ~[?:?]
	at org.apache.solr.schema.SchemaManager.doOperations(SchemaManager.java:115) ~[?:?]
	at org.apache.solr.schema.SchemaManager.performOperations(SchemaManager.java:95) ~[?:?]
	at org.apache.solr.handler.SchemaHandler.handleRequestBody(SchemaHandler.java:90) ~[?:?]
	at org.apache.solr.handler.RequestHandlerBase.handleRequest(RequestHandlerBase.java:226) ~[?:?]
	at org.apache.solr.core.SolrCore.execute(SolrCore.java:2884) ~[?:?]
	at org.apache.solr.servlet.HttpSolrCall.executeCoreRequest(HttpSolrCall.java:875) ~[?:?]
	at org.apache.solr.servlet.HttpSolrCall.call(HttpSolrCall.java:561) ~[?:?]
	at org.apache.solr.servlet.SolrDispatchFilter.dispatch(SolrDispatchFilter.java:262) ~[?:?]
	at org.apache.solr.servlet.SolrDispatchFilter.lambda$doFilter$0(SolrDispatchFilter.java:219) ~[?:?]
	at org.apache.solr.servlet.ServletUtils.traceHttpRequestExecution2(ServletUtils.java:249) ~[?:?]
	at org.apache.solr.servlet.ServletUtils.rateLimitRequest(ServletUtils.java:215) ~[?:?]
	at org.apache.solr.servlet.SolrDispatchFilter.doFilter(SolrDispatchFilter.java:213) ~[?:?]
	at org.apache.solr.servlet.SolrDispatchFilter.doFilter(SolrDispatchFilter.java:195) ~[?:?]
	at org.eclipse.jetty.servlet.FilterHolder.doFilter(FilterHolder.java:210) ~[jetty-servlet-10.0.19.jar:10.0.19]
	at org.eclipse.jetty.servlet.ServletHandler$Chain.doFilter(ServletHandler.java:1635) ~[jetty-servlet-10.0.19.jar:10.0.19]
	at org.eclipse.jetty.servlet.ServletHandler.doHandle(ServletHandler.java:527) ~[jetty-servlet-10.0.19.jar:10.0.19]
	at org.eclipse.jetty.server.handler.ScopedHandler.handle(ScopedHandler.java:131) ~[jetty-server-10.0.19.jar:10.0.19]
	at org.eclipse.jetty.security.SecurityHandler.handle(SecurityHandler.java:598) ~[jetty-security-10.0.19.jar:10.0.19]
	at org.eclipse.jetty.server.handler.HandlerWrapper.handle(HandlerWrapper.java:122) ~[jetty-server-10.0.19.jar:10.0.19]
	at org.eclipse.jetty.server.handler.ScopedHandler.nextHandle(ScopedHandler.java:223) ~[jetty-server-10.0.19.jar:10.0.19]
	at org.eclipse.jetty.server.session.SessionHandler.doHandle(SessionHandler.java:1580) ~[jetty-server-10.0.19.jar:10.0.19]
	at org.eclipse.jetty.server.handler.ScopedHandler.nextHandle(ScopedHandler.java:221) ~[jetty-server-10.0.19.jar:10.0.19]
	at org.eclipse.jetty.server.handler.ContextHandler.doHandle(ContextHandler.java:1384) ~[jetty-server-10.0.19.jar:10.0.19]
	at org.eclipse.jetty.server.handler.ScopedHandler.nextScope(ScopedHandler.java:176) ~[jetty-server-10.0.19.jar:10.0.19]
	at org.eclipse.jetty.servlet.ServletHandler.doScope(ServletHandler.java:484) ~[jetty-servlet-10.0.19.jar:10.0.19]
	at org.eclipse.jetty.server.session.SessionHandler.doScope(SessionHandler.java:1553) ~[jetty-server-10.0.19.jar:10.0.19]
	at org.eclipse.jetty.server.handler.ScopedHandler.nextScope(ScopedHandler.java:174) ~[jetty-server-10.0.19.jar:10.0.19]
	at org.eclipse.jetty.server.handler.ContextHandler.doScope(ContextHandler.java:1306) ~[jetty-server-10.0.19.jar:10.0.19]
	at org.eclipse.jetty.server.handler.ScopedHandler.handle(ScopedHandler.java:129) ~[jetty-server-10.0.19.jar:10.0.19]
	at org.eclipse.jetty.server.handler.ContextHandlerCollection.handle(ContextHandlerCollection.java:149) ~[jetty-server-10.0.19.jar:10.0.19]
	at org.eclipse.jetty.server.handler.InetAccessHandler.handle(InetAccessHandler.java:228) ~[jetty-server-10.0.19.jar:10.0.19]
	at org.eclipse.jetty.server.handler.HandlerCollection.handle(HandlerCollection.java:141) ~[jetty-server-10.0.19.jar:10.0.19]
	at org.eclipse.jetty.server.handler.HandlerWrapper.handle(HandlerWrapper.java:122) ~[jetty-server-10.0.19.jar:10.0.19]
	at org.eclipse.jetty.rewrite.handler.RewriteHandler.handle(RewriteHandler.java:301) ~[jetty-rewrite-10.0.19.jar:10.0.19]
	at org.eclipse.jetty.server.handler.HandlerWrapper.handle(HandlerWrapper.java:122) ~[jetty-server-10.0.19.jar:10.0.19]
	at org.eclipse.jetty.server.handler.gzip.GzipHandler.handle(GzipHandler.java:822) ~[jetty-server-10.0.19.jar:10.0.19]
	at org.eclipse.jetty.server.handler.HandlerWrapper.handle(HandlerWrapper.java:122) ~[jetty-server-10.0.19.jar:10.0.19]
	at org.eclipse.jetty.server.Server.handle(Server.java:563) ~[jetty-server-10.0.19.jar:10.0.19]
	at org.eclipse.jetty.server.HttpChannel$RequestDispatchable.dispatch(HttpChannel.java:1598) ~[jetty-server-10.0.19.jar:10.0.19]
	at org.eclipse.jetty.server.HttpChannel.dispatch(HttpChannel.java:753) ~[jetty-server-10.0.19.jar:10.0.19]
	at org.eclipse.jetty.server.HttpChannel.handle(HttpChannel.java:501) ~[jetty-server-10.0.19.jar:10.0.19]
	at org.eclipse.jetty.server.HttpConnection.onFillable(HttpConnection.java:287) ~[jetty-server-10.0.19.jar:10.0.19]
	at org.eclipse.jetty.io.AbstractConnection$ReadCallback.succeeded(AbstractConnection.java:314) ~[jetty-io-10.0.19.jar:10.0.19]
	at org.eclipse.jetty.io.FillInterest.fillable(FillInterest.java:100) ~[jetty-io-10.0.19.jar:10.0.19]
	at org.eclipse.jetty.io.SelectableChannelEndPoint$1.run(SelectableChannelEndPoint.java:53) ~[jetty-io-10.0.19.jar:10.0.19]
	at org.eclipse.jetty.util.thread.strategy.AdaptiveExecutionStrategy.runTask(AdaptiveExecutionStrategy.java:421) ~[jetty-util-10.0.19.jar:10.0.19]
	at org.eclipse.jetty.util.thread.strategy.AdaptiveExecutionStrategy.consumeTask(AdaptiveExecutionStrategy.java:390) ~[jetty-util-10.0.19.jar:10.0.19]
	at org.eclipse.jetty.util.thread.strategy.AdaptiveExecutionStrategy.tryProduce(AdaptiveExecutionStrategy.java:277) ~[jetty-util-10.0.19.jar:10.0.19]
	at org.eclipse.jetty.util.thread.strategy.AdaptiveExecutionStrategy.produce(AdaptiveExecutionStrategy.java:193) ~[jetty-util-10.0.19.jar:10.0.19]
	at org.eclipse.jetty.util.thread.QueuedThreadPool.runJob(QueuedThreadPool.java:969) ~[jetty-util-10.0.19.jar:10.0.19]
	at org.eclipse.jetty.util.thread.QueuedThreadPool$Runner.doRunJob(QueuedThreadPool.java:1194) ~[jetty-util-10.0.19.jar:10.0.19]
	at org.eclipse.jetty.util.thread.QueuedThreadPool$Runner.run(QueuedThreadPool.java:1149) ~[jetty-util-10.0.19.jar:10.0.19]
	at java.base/java.lang.Thread.run(Unknown Source) [?:?]
2025-11-17 21:02:15.786 ERROR (qtp693267461-30-null-4) [c: s: r: x:rag_core t:null-4] o.a.s.h.RequestHandlerBase Client exception => org.apache.solr.api.ApiBag$ExceptionWithErrObject: error processing commands, errors: [{errorMessages=[Field 'id' already exists.
], add-field={name=id, type=string, stored=true, indexed=true, required=true}}], 
org.apache.solr.api.ApiBag$ExceptionWithErrObject: error processing commands, errors: [{errorMessages=[Field 'id' already exists.
], add-field={name=id, type=string, stored=true, indexed=true, required=true}}], 
	at org.apache.solr.handler.SchemaHandler.handleRequestBody(SchemaHandler.java:92) ~[?:?]
	at org.apache.solr.handler.RequestHandlerBase.handleRequest(RequestHandlerBase.java:226) ~[?:?]
	at org.apache.solr.core.SolrCore.execute(SolrCore.java:2884) ~[?:?]
	at org.apache.solr.servlet.HttpSolrCall.executeCoreRequest(HttpSolrCall.java:875) ~[?:?]
	at org.apache.solr.servlet.HttpSolrCall.call(HttpSolrCall.java:561) ~[?:?]
	at org.apache.solr.servlet.SolrDispatchFilter.dispatch(SolrDispatchFilter.java:262) ~[?:?]
	at org.apache.solr.servlet.SolrDispatchFilter.lambda$doFilter$0(SolrDispatchFilter.java:219) ~[?:?]
	at org.apache.solr.servlet.ServletUtils.traceHttpRequestExecution2(ServletUtils.java:249) ~[?:?]
	at org.apache.solr.servlet.ServletUtils.rateLimitRequest(ServletUtils.java:215) ~[?:?]
	at org.apache.solr.servlet.SolrDispatchFilter.doFilter(SolrDispatchFilter.java:213) ~[?:?]
	at org.apache.solr.servlet.SolrDispatchFilter.doFilter(SolrDispatchFilter.java:195) ~[?:?]
	at org.eclipse.jetty.servlet.FilterHolder.doFilter(FilterHolder.java:210) ~[jetty-servlet-10.0.19.jar:10.0.19]
	at org.eclipse.jetty.servlet.ServletHandler$Chain.doFilter(ServletHandler.java:1635) ~[jetty-servlet-10.0.19.jar:10.0.19]
	at org.eclipse.jetty.servlet.ServletHandler.doHandle(ServletHandler.java:527) ~[jetty-servlet-10.0.19.jar:10.0.19]
	at org.eclipse.jetty.server.handler.ScopedHandler.handle(ScopedHandler.java:131) ~[jetty-server-10.0.19.jar:10.0.19]
	at org.eclipse.jetty.security.SecurityHandler.handle(SecurityHandler.java:598) ~[jetty-security-10.0.19.jar:10.0.19]
	at org.eclipse.jetty.server.handler.HandlerWrapper.handle(HandlerWrapper.java:122) ~[jetty-server-10.0.19.jar:10.0.19]
	at org.eclipse.jetty.server.handler.ScopedHandler.nextHandle(ScopedHandler.java:223) ~[jetty-server-10.0.19.jar:10.0.19]
	at org.eclipse.jetty.server.session.SessionHandler.doHandle(SessionHandler.java:1580) ~[jetty-server-10.0.19.jar:10.0.19]
	at org.eclipse.jetty.server.handler.ScopedHandler.nextHandle(ScopedHandler.java:221) ~[jetty-server-10.0.19.jar:10.0.19]
	at org.eclipse.jetty.server.handler.ContextHandler.doHandle(ContextHandler.java:1384) ~[jetty-server-10.0.19.jar:10.0.19]
	at org.eclipse.jetty.server.handler.ScopedHandler.nextScope(ScopedHandler.java:176) ~[jetty-server-10.0.19.jar:10.0.19]
	at org.eclipse.jetty.servlet.ServletHandler.doScope(ServletHandler.java:484) ~[jetty-servlet-10.0.19.jar:10.0.19]
	at org.eclipse.jetty.server.session.SessionHandler.doScope(SessionHandler.java:1553) ~[jetty-server-10.0.19.jar:10.0.19]
	at org.eclipse.jetty.server.handler.ScopedHandler.nextScope(ScopedHandler.java:174) ~[jetty-server-10.0.19.jar:10.0.19]
	at org.eclipse.jetty.server.handler.ContextHandler.doScope(ContextHandler.java:1306) ~[jetty-server-10.0.19.jar:10.0.19]
	at org.eclipse.jetty.server.handler.ScopedHandler.handle(ScopedHandler.java:129) ~[jetty-server-10.0.19.jar:10.0.19]
	at org.eclipse.jetty.server.handler.ContextHandlerCollection.handle(ContextHandlerCollection.java:149) ~[jetty-server-10.0.19.jar:10.0.19]
	at org.eclipse.jetty.server.handler.InetAccessHandler.handle(InetAccessHandler.java:228) ~[jetty-server-10.0.19.jar:10.0.19]
	at org.eclipse.jetty.server.handler.HandlerCollection.handle(HandlerCollection.java:141) ~[jetty-server-10.0.19.jar:10.0.19]
	at org.eclipse.jetty.server.handler.HandlerWrapper.handle(HandlerWrapper.java:122) ~[jetty-server-10.0.19.jar:10.0.19]
	at org.eclipse.jetty.rewrite.handler.RewriteHandler.handle(RewriteHandler.java:301) ~[jetty-rewrite-10.0.19.jar:10.0.19]
	at org.eclipse.jetty.server.handler.HandlerWrapper.handle(HandlerWrapper.java:122) ~[jetty-server-10.0.19.jar:10.0.19]
	at org.eclipse.jetty.server.handler.gzip.GzipHandler.handle(GzipHandler.java:822) ~[jetty-server-10.0.19.jar:10.0.19]
	at org.eclipse.jetty.server.handler.HandlerWrapper.handle(HandlerWrapper.java:122) ~[jetty-server-10.0.19.jar:10.0.19]
	at org.eclipse.jetty.server.Server.handle(Server.java:563) ~[jetty-server-10.0.19.jar:10.0.19]
	at org.eclipse.jetty.server.HttpChannel$RequestDispatchable.dispatch(HttpChannel.java:1598) ~[jetty-server-10.0.19.jar:10.0.19]
	at org.eclipse.jetty.server.HttpChannel.dispatch(HttpChannel.java:753) ~[jetty-server-10.0.19.jar:10.0.19]
	at org.eclipse.jetty.server.HttpChannel.handle(HttpChannel.java:501) ~[jetty-server-10.0.19.jar:10.0.19]
	at org.eclipse.jetty.server.HttpConnection.onFillable(HttpConnection.java:287) ~[jetty-server-10.0.19.jar:10.0.19]
	at org.eclipse.jetty.io.AbstractConnection$ReadCallback.succeeded(AbstractConnection.java:314) ~[jetty-io-10.0.19.jar:10.0.19]
	at org.eclipse.jetty.io.FillInterest.fillable(FillInterest.java:100) ~[jetty-io-10.0.19.jar:10.0.19]
	at org.eclipse.jetty.io.SelectableChannelEndPoint$1.run(SelectableChannelEndPoint.java:53) ~[jetty-io-10.0.19.jar:10.0.19]
	at org.eclipse.jetty.util.thread.strategy.AdaptiveExecutionStrategy.runTask(AdaptiveExecutionStrategy.java:421) ~[jetty-util-10.0.19.jar:10.0.19]
	at org.eclipse.jetty.util.thread.strategy.AdaptiveExecutionStrategy.consumeTask(AdaptiveExecutionStrategy.java:390) ~[jetty-util-10.0.19.jar:10.0.19]
	at org.eclipse.jetty.util.thread.strategy.AdaptiveExecutionStrategy.tryProduce(AdaptiveExecutionStrategy.java:277) ~[jetty-util-10.0.19.jar:10.0.19]
	at org.eclipse.jetty.util.thread.strategy.AdaptiveExecutionStrategy.produce(AdaptiveExecutionStrategy.java:193) ~[jetty-util-10.0.19.jar:10.0.19]
	at org.eclipse.jetty.util.thread.QueuedThreadPool.runJob(QueuedThreadPool.java:969) ~[jetty-util-10.0.19.jar:10.0.19]
	at org.eclipse.jetty.util.thread.QueuedThreadPool$Runner.doRunJob(QueuedThreadPool.java:1194) ~[jetty-util-10.0.19.jar:10.0.19]
	at org.eclipse.jetty.util.thread.QueuedThreadPool$Runner.run(QueuedThreadPool.java:1149) ~[jetty-util-10.0.19.jar:10.0.19]
	at java.base/java.lang.Thread.run(Unknown Source) [?:?]
2025-11-17 21:02:15.786 INFO  (qtp693267461-30-null-4) [c: s: r: x:rag_core t:null-4] o.a.s.c.S.Request webapp=/solr path=/schema params={} status=400 QTime=5
2025-11-17 21:02:15.798 ERROR (qtp693267461-31-null-5) [c: s: r: x:rag_core t:null-5] o.a.s.s.SchemaManager Could not add field => org.apache.solr.common.SolrException: Field 'section_title' already exists.
	at org.apache.solr.schema.ManagedIndexSchema.newField(ManagedIndexSchema.java:1313)
org.apache.solr.common.SolrException: Field 'section_title' already exists.
	at org.apache.solr.schema.ManagedIndexSchema.newField(ManagedIndexSchema.java:1313) ~[?:?]
	at org.apache.solr.schema.SchemaManager$OpType$3.perform(SchemaManager.java:277) ~[?:?]
	at org.apache.solr.schema.SchemaManager.doOperations(SchemaManager.java:115) ~[?:?]
	at org.apache.solr.schema.SchemaManager.performOperations(SchemaManager.java:95) ~[?:?]
	at org.apache.solr.handler.SchemaHandler.handleRequestBody(SchemaHandler.java:90) ~[?:?]
	at org.apache.solr.handler.RequestHandlerBase.handleRequest(RequestHandlerBase.java:226) ~[?:?]
	at org.apache.solr.core.SolrCore.execute(SolrCore.java:2884) ~[?:?]
	at org.apache.solr.servlet.HttpSolrCall.executeCoreRequest(HttpSolrCall.java:875) ~[?:?]
	at org.apache.solr.servlet.HttpSolrCall.call(HttpSolrCall.java:561) ~[?:?]
	at org.apache.solr.servlet.SolrDispatchFilter.dispatch(SolrDispatchFilter.java:262) ~[?:?]
	at org.apache.solr.servlet.SolrDispatchFilter.lambda$doFilter$0(SolrDispatchFilter.java:219) ~[?:?]
	at org.apache.solr.servlet.ServletUtils.traceHttpRequestExecution2(ServletUtils.java:249) ~[?:?]
	at org.apache.solr.servlet.ServletUtils.rateLimitRequest(ServletUtils.java:215) ~[?:?]
	at org.apache.solr.servlet.SolrDispatchFilter.doFilter(SolrDispatchFilter.java:213) ~[?:?]
	at org.apache.solr.servlet.SolrDispatchFilter.doFilter(SolrDispatchFilter.java:195) ~[?:?]
	at org.eclipse.jetty.servlet.FilterHolder.doFilter(FilterHolder.java:210) ~[jetty-servlet-10.0.19.jar:10.0.19]
	at org.eclipse.jetty.servlet.ServletHandler$Chain.doFilter(ServletHandler.java:1635) ~[jetty-servlet-10.0.19.jar:10.0.19]
	at org.eclipse.jetty.servlet.ServletHandler.doHandle(ServletHandler.java:527) ~[jetty-servlet-10.0.19.jar:10.0.19]
	at org.eclipse.jetty.server.handler.ScopedHandler.handle(ScopedHandler.java:131) ~[jetty-server-10.0.19.jar:10.0.19]
	at org.eclipse.jetty.security.SecurityHandler.handle(SecurityHandler.java:598) ~[jetty-security-10.0.19.jar:10.0.19]
	at org.eclipse.jetty.server.handler.HandlerWrapper.handle(HandlerWrapper.java:122) ~[jetty-server-10.0.19.jar:10.0.19]
	at org.eclipse.jetty.server.handler.ScopedHandler.nextHandle(ScopedHandler.java:223) ~[jetty-server-10.0.19.jar:10.0.19]
	at org.eclipse.jetty.server.session.SessionHandler.doHandle(SessionHandler.java:1580) ~[jetty-server-10.0.19.jar:10.0.19]
	at org.eclipse.jetty.server.handler.ScopedHandler.nextHandle(ScopedHandler.java:221) ~[jetty-server-10.0.19.jar:10.0.19]
	at org.eclipse.jetty.server.handler.ContextHandler.doHandle(ContextHandler.java:1384) ~[jetty-server-10.0.19.jar:10.0.19]
	at org.eclipse.jetty.server.handler.ScopedHandler.nextScope(ScopedHandler.java:176) ~[jetty-server-10.0.19.jar:10.0.19]
	at org.eclipse.jetty.servlet.ServletHandler.doScope(ServletHandler.java:484) ~[jetty-servlet-10.0.19.jar:10.0.19]
	at org.eclipse.jetty.server.session.SessionHandler.doScope(SessionHandler.java:1553) ~[jetty-server-10.0.19.jar:10.0.19]
	at org.eclipse.jetty.server.handler.ScopedHandler.nextScope(ScopedHandler.java:174) ~[jetty-server-10.0.19.jar:10.0.19]
	at org.eclipse.jetty.server.handler.ContextHandler.doScope(ContextHandler.java:1306) ~[jetty-server-10.0.19.jar:10.0.19]
	at org.eclipse.jetty.server.handler.ScopedHandler.handle(ScopedHandler.java:129) ~[jetty-server-10.0.19.jar:10.0.19]
	at org.eclipse.jetty.server.handler.ContextHandlerCollection.handle(ContextHandlerCollection.java:149) ~[jetty-server-10.0.19.jar:10.0.19]
	at org.eclipse.jetty.server.handler.InetAccessHandler.handle(InetAccessHandler.java:228) ~[jetty-server-10.0.19.jar:10.0.19]
	at org.eclipse.jetty.server.handler.HandlerCollection.handle(HandlerCollection.java:141) ~[jetty-server-10.0.19.jar:10.0.19]
	at org.eclipse.jetty.server.handler.HandlerWrapper.handle(HandlerWrapper.java:122) ~[jetty-server-10.0.19.jar:10.0.19]
	at org.eclipse.jetty.rewrite.handler.RewriteHandler.handle(RewriteHandler.java:301) ~[jetty-rewrite-10.0.19.jar:10.0.19]
	at org.eclipse.jetty.server.handler.HandlerWrapper.handle(HandlerWrapper.java:122) ~[jetty-server-10.0.19.jar:10.0.19]
	at org.eclipse.jetty.server.handler.gzip.GzipHandler.handle(GzipHandler.java:822) ~[jetty-server-10.0.19.jar:10.0.19]
	at org.eclipse.jetty.server.handler.HandlerWrapper.handle(HandlerWrapper.java:122) ~[jetty-server-10.0.19.jar:10.0.19]
	at org.eclipse.jetty.server.Server.handle(Server.java:563) ~[jetty-server-10.0.19.jar:10.0.19]
	at org.eclipse.jetty.server.HttpChannel$RequestDispatchable.dispatch(HttpChannel.java:1598) ~[jetty-server-10.0.19.jar:10.0.19]
	at org.eclipse.jetty.server.HttpChannel.dispatch(HttpChannel.java:753) ~[jetty-server-10.0.19.jar:10.0.19]
	at org.eclipse.jetty.server.HttpChannel.handle(HttpChannel.java:501) ~[jetty-server-10.0.19.jar:10.0.19]
	at org.eclipse.jetty.server.HttpConnection.onFillable(HttpConnection.java:287) ~[jetty-server-10.0.19.jar:10.0.19]
	at org.eclipse.jetty.io.AbstractConnection$ReadCallback.succeeded(AbstractConnection.java:314) ~[jetty-io-10.0.19.jar:10.0.19]
	at org.eclipse.jetty.io.FillInterest.fillable(FillInterest.java:100) ~[jetty-io-10.0.19.jar:10.0.19]
	at org.eclipse.jetty.io.SelectableChannelEndPoint$1.run(SelectableChannelEndPoint.java:53) ~[jetty-io-10.0.19.jar:10.0.19]
	at org.eclipse.jetty.util.thread.strategy.AdaptiveExecutionStrategy.runTask(AdaptiveExecutionStrategy.java:421) ~[jetty-util-10.0.19.jar:10.0.19]
	at org.eclipse.jetty.util.thread.strategy.AdaptiveExecutionStrategy.consumeTask(AdaptiveExecutionStrategy.java:390) ~[jetty-util-10.0.19.jar:10.0.19]
	at org.eclipse.jetty.util.thread.strategy.AdaptiveExecutionStrategy.tryProduce(AdaptiveExecutionStrategy.java:277) ~[jetty-util-10.0.19.jar:10.0.19]
	at org.eclipse.jetty.util.thread.strategy.AdaptiveExecutionStrategy.produce(AdaptiveExecutionStrategy.java:193) ~[jetty-util-10.0.19.jar:10.0.19]
	at org.eclipse.jetty.util.thread.QueuedThreadPool.runJob(QueuedThreadPool.java:969) ~[jetty-util-10.0.19.jar:10.0.19]
	at org.eclipse.jetty.util.thread.QueuedThreadPool$Runner.doRunJob(QueuedThreadPool.java:1194) ~[jetty-util-10.0.19.jar:10.0.19]
	at org.eclipse.jetty.util.thread.QueuedThreadPool$Runner.run(QueuedThreadPool.java:1149) ~[jetty-util-10.0.19.jar:10.0.19]
	at java.base/java.lang.Thread.run(Unknown Source) [?:?]
2025-11-17 21:02:15.798 ERROR (qtp693267461-31-null-5) [c: s: r: x:rag_core t:null-5] o.a.s.h.RequestHandlerBase Client exception => org.apache.solr.api.ApiBag$ExceptionWithErrObject: error processing commands, errors: [{errorMessages=[Field 'section_title' already exists.
], add-field={name=section_title, type=text_general, stored=true, indexed=true}}], 
org.apache.solr.api.ApiBag$ExceptionWithErrObject: error processing commands, errors: [{errorMessages=[Field 'section_title' already exists.
], add-field={name=section_title, type=text_general, stored=true, indexed=true}}], 
	at org.apache.solr.handler.SchemaHandler.handleRequestBody(SchemaHandler.java:92) ~[?:?]
	at org.apache.solr.handler.RequestHandlerBase.handleRequest(RequestHandlerBase.java:226) ~[?:?]
	at org.apache.solr.core.SolrCore.execute(SolrCore.java:2884) ~[?:?]
	at org.apache.solr.servlet.HttpSolrCall.executeCoreRequest(HttpSolrCall.java:875) ~[?:?]
	at org.apache.solr.servlet.HttpSolrCall.call(HttpSolrCall.java:561) ~[?:?]
	at org.apache.solr.servlet.SolrDispatchFilter.dispatch(SolrDispatchFilter.java:262) ~[?:?]
	at org.apache.solr.servlet.SolrDispatchFilter.lambda$doFilter$0(SolrDispatchFilter.java:219) ~[?:?]
	at org.apache.solr.servlet.ServletUtils.traceHttpRequestExecution2(ServletUtils.java:249) ~[?:?]
	at org.apache.solr.servlet.ServletUtils.rateLimitRequest(ServletUtils.java:215) ~[?:?]
	at org.apache.solr.servlet.SolrDispatchFilter.doFilter(SolrDispatchFilter.java:213) ~[?:?]
	at org.apache.solr.servlet.SolrDispatchFilter.doFilter(SolrDispatchFilter.java:195) ~[?:?]
	at org.eclipse.jetty.servlet.FilterHolder.doFilter(FilterHolder.java:210) ~[jetty-servlet-10.0.19.jar:10.0.19]
	at org.eclipse.jetty.servlet.ServletHandler$Chain.doFilter(ServletHandler.java:1635) ~[jetty-servlet-10.0.19.jar:10.0.19]
	at org.eclipse.jetty.servlet.ServletHandler.doHandle(ServletHandler.java:527) ~[jetty-servlet-10.0.19.jar:10.0.19]
	at org.eclipse.jetty.server.handler.ScopedHandler.handle(ScopedHandler.java:131) ~[jetty-server-10.0.19.jar:10.0.19]
	at org.eclipse.jetty.security.SecurityHandler.handle(SecurityHandler.java:598) ~[jetty-security-10.0.19.jar:10.0.19]
	at org.eclipse.jetty.server.handler.HandlerWrapper.handle(HandlerWrapper.java:122) ~[jetty-server-10.0.19.jar:10.0.19]
	at org.eclipse.jetty.server.handler.ScopedHandler.nextHandle(ScopedHandler.java:223) ~[jetty-server-10.0.19.jar:10.0.19]
	at org.eclipse.jetty.server.session.SessionHandler.doHandle(SessionHandler.java:1580) ~[jetty-server-10.0.19.jar:10.0.19]
	at org.eclipse.jetty.server.handler.ScopedHandler.nextHandle(ScopedHandler.java:221) ~[jetty-server-10.0.19.jar:10.0.19]
	at org.eclipse.jetty.server.handler.ContextHandler.doHandle(ContextHandler.java:1384) ~[jetty-server-10.0.19.jar:10.0.19]
	at org.eclipse.jetty.server.handler.ScopedHandler.nextScope(ScopedHandler.java:176) ~[jetty-server-10.0.19.jar:10.0.19]
	at org.eclipse.jetty.servlet.ServletHandler.doScope(ServletHandler.java:484) ~[jetty-servlet-10.0.19.jar:10.0.19]
	at org.eclipse.jetty.server.session.SessionHandler.doScope(SessionHandler.java:1553) ~[jetty-server-10.0.19.jar:10.0.19]
	at org.eclipse.jetty.server.handler.ScopedHandler.nextScope(ScopedHandler.java:174) ~[jetty-server-10.0.19.jar:10.0.19]
	at org.eclipse.jetty.server.handler.ContextHandler.doScope(ContextHandler.java:1306) ~[jetty-server-10.0.19.jar:10.0.19]
	at org.eclipse.jetty.server.handler.ScopedHandler.handle(ScopedHandler.java:129) ~[jetty-server-10.0.19.jar:10.0.19]
	at org.eclipse.jetty.server.handler.ContextHandlerCollection.handle(ContextHandlerCollection.java:149) ~[jetty-server-10.0.19.jar:10.0.19]
	at org.eclipse.jetty.server.handler.InetAccessHandler.handle(InetAccessHandler.java:228) ~[jetty-server-10.0.19.jar:10.0.19]
	at org.eclipse.jetty.server.handler.HandlerCollection.handle(HandlerCollection.java:141) ~[jetty-server-10.0.19.jar:10.0.19]
	at org.eclipse.jetty.server.handler.HandlerWrapper.handle(HandlerWrapper.java:122) ~[jetty-server-10.0.19.jar:10.0.19]
	at org.eclipse.jetty.rewrite.handler.RewriteHandler.handle(RewriteHandler.java:301) ~[jetty-rewrite-10.0.19.jar:10.0.19]
	at org.eclipse.jetty.server.handler.HandlerWrapper.handle(HandlerWrapper.java:122) ~[jetty-server-10.0.19.jar:10.0.19]
	at org.eclipse.jetty.server.handler.gzip.GzipHandler.handle(GzipHandler.java:822) ~[jetty-server-10.0.19.jar:10.0.19]
	at org.eclipse.jetty.server.handler.HandlerWrapper.handle(HandlerWrapper.java:122) ~[jetty-server-10.0.19.jar:10.0.19]
	at org.eclipse.jetty.server.Server.handle(Server.java:563) ~[jetty-server-10.0.19.jar:10.0.19]
	at org.eclipse.jetty.server.HttpChannel$RequestDispatchable.dispatch(HttpChannel.java:1598) ~[jetty-server-10.0.19.jar:10.0.19]
	at org.eclipse.jetty.server.HttpChannel.dispatch(HttpChannel.java:753) ~[jetty-server-10.0.19.jar:10.0.19]
	at org.eclipse.jetty.server.HttpChannel.handle(HttpChannel.java:501) ~[jetty-server-10.0.19.jar:10.0.19]
	at org.eclipse.jetty.server.HttpConnection.onFillable(HttpConnection.java:287) ~[jetty-server-10.0.19.jar:10.0.19]
	at org.eclipse.jetty.io.AbstractConnection$ReadCallback.succeeded(AbstractConnection.java:314) ~[jetty-io-10.0.19.jar:10.0.19]
	at org.eclipse.jetty.io.FillInterest.fillable(FillInterest.java:100) ~[jetty-io-10.0.19.jar:10.0.19]
	at org.eclipse.jetty.io.SelectableChannelEndPoint$1.run(SelectableChannelEndPoint.java:53) ~[jetty-io-10.0.19.jar:10.0.19]
	at org.eclipse.jetty.util.thread.strategy.AdaptiveExecutionStrategy.runTask(AdaptiveExecutionStrategy.java:421) ~[jetty-util-10.0.19.jar:10.0.19]
	at org.eclipse.jetty.util.thread.strategy.AdaptiveExecutionStrategy.consumeTask(AdaptiveExecutionStrategy.java:390) ~[jetty-util-10.0.19.jar:10.0.19]
	at org.eclipse.jetty.util.thread.strategy.AdaptiveExecutionStrategy.tryProduce(AdaptiveExecutionStrategy.java:277) ~[jetty-util-10.0.19.jar:10.0.19]
	at org.eclipse.jetty.util.thread.strategy.AdaptiveExecutionStrategy.produce(AdaptiveExecutionStrategy.java:193) ~[jetty-util-10.0.19.jar:10.0.19]
	at org.eclipse.jetty.util.thread.QueuedThreadPool.runJob(QueuedThreadPool.java:969) ~[jetty-util-10.0.19.jar:10.0.19]
	at org.eclipse.jetty.util.thread.QueuedThreadPool$Runner.doRunJob(QueuedThreadPool.java:1194) ~[jetty-util-10.0.19.jar:10.0.19]
	at org.eclipse.jetty.util.thread.QueuedThreadPool$Runner.run(QueuedThreadPool.java:1149) ~[jetty-util-10.0.19.jar:10.0.19]
	at java.base/java.lang.Thread.run(Unknown Source) [?:?]
2025-11-17 21:02:15.798 INFO  (qtp693267461-31-null-5) [c: s: r: x:rag_core t:null-5] o.a.s.c.S.Request webapp=/solr path=/schema params={} status=400 QTime=0
2025-11-17 21:02:15.809 ERROR (qtp693267461-32-null-6) [c: s: r: x:rag_core t:null-6] o.a.s.s.SchemaManager Could not add field => org.apache.solr.common.SolrException: Field 'text_raw' already exists.
	at org.apache.solr.schema.ManagedIndexSchema.newField(ManagedIndexSchema.java:1313)
org.apache.solr.common.SolrException: Field 'text_raw' already exists.
	at org.apache.solr.schema.ManagedIndexSchema.newField(ManagedIndexSchema.java:1313) ~[?:?]
	at org.apache.solr.schema.SchemaManager$OpType$3.perform(SchemaManager.java:277) ~[?:?]
	at org.apache.solr.schema.SchemaManager.doOperations(SchemaManager.java:115) ~[?:?]
	at org.apache.solr.schema.SchemaManager.performOperations(SchemaManager.java:95) ~[?:?]
	at org.apache.solr.handler.SchemaHandler.handleRequestBody(SchemaHandler.java:90) ~[?:?]
	at org.apache.solr.handler.RequestHandlerBase.handleRequest(RequestHandlerBase.java:226) ~[?:?]
	at org.apache.solr.core.SolrCore.execute(SolrCore.java:2884) ~[?:?]
	at org.apache.solr.servlet.HttpSolrCall.executeCoreRequest(HttpSolrCall.java:875) ~[?:?]
	at org.apache.solr.servlet.HttpSolrCall.call(HttpSolrCall.java:561) ~[?:?]
	at org.apache.solr.servlet.SolrDispatchFilter.dispatch(SolrDispatchFilter.java:262) ~[?:?]
	at org.apache.solr.servlet.SolrDispatchFilter.lambda$doFilter$0(SolrDispatchFilter.java:219) ~[?:?]
	at org.apache.solr.servlet.ServletUtils.traceHttpRequestExecution2(ServletUtils.java:249) ~[?:?]
	at org.apache.solr.servlet.ServletUtils.rateLimitRequest(ServletUtils.java:215) ~[?:?]
	at org.apache.solr.servlet.SolrDispatchFilter.doFilter(SolrDispatchFilter.java:213) ~[?:?]
	at org.apache.solr.servlet.SolrDispatchFilter.doFilter(SolrDispatchFilter.java:195) ~[?:?]
	at org.eclipse.jetty.servlet.FilterHolder.doFilter(FilterHolder.java:210) ~[jetty-servlet-10.0.19.jar:10.0.19]
	at org.eclipse.jetty.servlet.ServletHandler$Chain.doFilter(ServletHandler.java:1635) ~[jetty-servlet-10.0.19.jar:10.0.19]
	at org.eclipse.jetty.servlet.ServletHandler.doHandle(ServletHandler.java:527) ~[jetty-servlet-10.0.19.jar:10.0.19]
	at org.eclipse.jetty.server.handler.ScopedHandler.handle(ScopedHandler.java:131) ~[jetty-server-10.0.19.jar:10.0.19]
	at org.eclipse.jetty.security.SecurityHandler.handle(SecurityHandler.java:598) ~[jetty-security-10.0.19.jar:10.0.19]
	at org.eclipse.jetty.server.handler.HandlerWrapper.handle(HandlerWrapper.java:122) ~[jetty-server-10.0.19.jar:10.0.19]
	at org.eclipse.jetty.server.handler.ScopedHandler.nextHandle(ScopedHandler.java:223) ~[jetty-server-10.0.19.jar:10.0.19]
	at org.eclipse.jetty.server.session.SessionHandler.doHandle(SessionHandler.java:1580) ~[jetty-server-10.0.19.jar:10.0.19]
	at org.eclipse.jetty.server.handler.ScopedHandler.nextHandle(ScopedHandler.java:221) ~[jetty-server-10.0.19.jar:10.0.19]
	at org.eclipse.jetty.server.handler.ContextHandler.doHandle(ContextHandler.java:1384) ~[jetty-server-10.0.19.jar:10.0.19]
	at org.eclipse.jetty.server.handler.ScopedHandler.nextScope(ScopedHandler.java:176) ~[jetty-server-10.0.19.jar:10.0.19]
	at org.eclipse.jetty.servlet.ServletHandler.doScope(ServletHandler.java:484) ~[jetty-servlet-10.0.19.jar:10.0.19]
	at org.eclipse.jetty.server.session.SessionHandler.doScope(SessionHandler.java:1553) ~[jetty-server-10.0.19.jar:10.0.19]
	at org.eclipse.jetty.server.handler.ScopedHandler.nextScope(ScopedHandler.java:174) ~[jetty-server-10.0.19.jar:10.0.19]
	at org.eclipse.jetty.server.handler.ContextHandler.doScope(ContextHandler.java:1306) ~[jetty-server-10.0.19.jar:10.0.19]
	at org.eclipse.jetty.server.handler.ScopedHandler.handle(ScopedHandler.java:129) ~[jetty-server-10.0.19.jar:10.0.19]
	at org.eclipse.jetty.server.handler.ContextHandlerCollection.handle(ContextHandlerCollection.java:149) ~[jetty-server-10.0.19.jar:10.0.19]
	at org.eclipse.jetty.server.handler.InetAccessHandler.handle(InetAccessHandler.java:228) ~[jetty-server-10.0.19.jar:10.0.19]
	at org.eclipse.jetty.server.handler.HandlerCollection.handle(HandlerCollection.java:141) ~[jetty-server-10.0.19.jar:10.0.19]
	at org.eclipse.jetty.server.handler.HandlerWrapper.handle(HandlerWrapper.java:122) ~[jetty-server-10.0.19.jar:10.0.19]
	at org.eclipse.jetty.rewrite.handler.RewriteHandler.handle(RewriteHandler.java:301) ~[jetty-rewrite-10.0.19.jar:10.0.19]
	at org.eclipse.jetty.server.handler.HandlerWrapper.handle(HandlerWrapper.java:122) ~[jetty-server-10.0.19.jar:10.0.19]
	at org.eclipse.jetty.server.handler.gzip.GzipHandler.handle(GzipHandler.java:822) ~[jetty-server-10.0.19.jar:10.0.19]
	at org.eclipse.jetty.server.handler.HandlerWrapper.handle(HandlerWrapper.java:122) ~[jetty-server-10.0.19.jar:10.0.19]
	at org.eclipse.jetty.server.Server.handle(Server.java:563) ~[jetty-server-10.0.19.jar:10.0.19]
	at org.eclipse.jetty.server.HttpChannel$RequestDispatchable.dispatch(HttpChannel.java:1598) ~[jetty-server-10.0.19.jar:10.0.19]
	at org.eclipse.jetty.server.HttpChannel.dispatch(HttpChannel.java:753) ~[jetty-server-10.0.19.jar:10.0.19]
	at org.eclipse.jetty.server.HttpChannel.handle(HttpChannel.java:501) ~[jetty-server-10.0.19.jar:10.0.19]
	at org.eclipse.jetty.server.HttpConnection.onFillable(HttpConnection.java:287) ~[jetty-server-10.0.19.jar:10.0.19]
	at org.eclipse.jetty.io.AbstractConnection$ReadCallback.succeeded(AbstractConnection.java:314) ~[jetty-io-10.0.19.jar:10.0.19]
	at org.eclipse.jetty.io.FillInterest.fillable(FillInterest.java:100) ~[jetty-io-10.0.19.jar:10.0.19]
	at org.eclipse.jetty.io.SelectableChannelEndPoint$1.run(SelectableChannelEndPoint.java:53) ~[jetty-io-10.0.19.jar:10.0.19]
	at org.eclipse.jetty.util.thread.strategy.AdaptiveExecutionStrategy.runTask(AdaptiveExecutionStrategy.java:421) ~[jetty-util-10.0.19.jar:10.0.19]
	at org.eclipse.jetty.util.thread.strategy.AdaptiveExecutionStrategy.consumeTask(AdaptiveExecutionStrategy.java:390) ~[jetty-util-10.0.19.jar:10.0.19]
	at org.eclipse.jetty.util.thread.strategy.AdaptiveExecutionStrategy.tryProduce(AdaptiveExecutionStrategy.java:277) ~[jetty-util-10.0.19.jar:10.0.19]
	at org.eclipse.jetty.util.thread.strategy.AdaptiveExecutionStrategy.produce(AdaptiveExecutionStrategy.java:193) ~[jetty-util-10.0.19.jar:10.0.19]
	at org.eclipse.jetty.util.thread.QueuedThreadPool.runJob(QueuedThreadPool.java:969) ~[jetty-util-10.0.19.jar:10.0.19]
	at org.eclipse.jetty.util.thread.QueuedThreadPool$Runner.doRunJob(QueuedThreadPool.java:1194) ~[jetty-util-10.0.19.jar:10.0.19]
	at org.eclipse.jetty.util.thread.QueuedThreadPool$Runner.run(QueuedThreadPool.java:1149) ~[jetty-util-10.0.19.jar:10.0.19]
	at java.base/java.lang.Thread.run(Unknown Source) [?:?]
2025-11-17 21:02:15.809 ERROR (qtp693267461-32-null-6) [c: s: r: x:rag_core t:null-6] o.a.s.h.RequestHandlerBase Client exception => org.apache.solr.api.ApiBag$ExceptionWithErrObject: error processing commands, errors: [{errorMessages=[Field 'text_raw' already exists.
], add-field={name=text_raw, type=text_general, stored=true, indexed=true}}], 
org.apache.solr.api.ApiBag$ExceptionWithErrObject: error processing commands, errors: [{errorMessages=[Field 'text_raw' already exists.
], add-field={name=text_raw, type=text_general, stored=true, indexed=true}}], 
	at org.apache.solr.handler.SchemaHandler.handleRequestBody(SchemaHandler.java:92) ~[?:?]
	at org.apache.solr.handler.RequestHandlerBase.handleRequest(RequestHandlerBase.java:226) ~[?:?]
	at org.apache.solr.core.SolrCore.execute(SolrCore.java:2884) ~[?:?]
	at org.apache.solr.servlet.HttpSolrCall.executeCoreRequest(HttpSolrCall.java:875) ~[?:?]
	at org.apache.solr.servlet.HttpSolrCall.call(HttpSolrCall.java:561) ~[?:?]
	at org.apache.solr.servlet.SolrDispatchFilter.dispatch(SolrDispatchFilter.java:262) ~[?:?]
	at org.apache.solr.servlet.SolrDispatchFilter.lambda$doFilter$0(SolrDispatchFilter.java:219) ~[?:?]
	at org.apache.solr.servlet.ServletUtils.traceHttpRequestExecution2(ServletUtils.java:249) ~[?:?]
	at org.apache.solr.servlet.ServletUtils.rateLimitRequest(ServletUtils.java:215) ~[?:?]
	at org.apache.solr.servlet.SolrDispatchFilter.doFilter(SolrDispatchFilter.java:213) ~[?:?]
	at org.apache.solr.servlet.SolrDispatchFilter.doFilter(SolrDispatchFilter.java:195) ~[?:?]
	at org.eclipse.jetty.servlet.FilterHolder.doFilter(FilterHolder.java:210) ~[jetty-servlet-10.0.19.jar:10.0.19]
	at org.eclipse.jetty.servlet.ServletHandler$Chain.doFilter(ServletHandler.java:1635) ~[jetty-servlet-10.0.19.jar:10.0.19]
	at org.eclipse.jetty.servlet.ServletHandler.doHandle(ServletHandler.java:527) ~[jetty-servlet-10.0.19.jar:10.0.19]
	at org.eclipse.jetty.server.handler.ScopedHandler.handle(ScopedHandler.java:131) ~[jetty-server-10.0.19.jar:10.0.19]
	at org.eclipse.jetty.security.SecurityHandler.handle(SecurityHandler.java:598) ~[jetty-security-10.0.19.jar:10.0.19]
	at org.eclipse.jetty.server.handler.HandlerWrapper.handle(HandlerWrapper.java:122) ~[jetty-server-10.0.19.jar:10.0.19]
	at org.eclipse.jetty.server.handler.ScopedHandler.nextHandle(ScopedHandler.java:223) ~[jetty-server-10.0.19.jar:10.0.19]
	at org.eclipse.jetty.server.session.SessionHandler.doHandle(SessionHandler.java:1580) ~[jetty-server-10.0.19.jar:10.0.19]
	at org.eclipse.jetty.server.handler.ScopedHandler.nextHandle(ScopedHandler.java:221) ~[jetty-server-10.0.19.jar:10.0.19]
	at org.eclipse.jetty.server.handler.ContextHandler.doHandle(ContextHandler.java:1384) ~[jetty-server-10.0.19.jar:10.0.19]
	at org.eclipse.jetty.server.handler.ScopedHandler.nextScope(ScopedHandler.java:176) ~[jetty-server-10.0.19.jar:10.0.19]
	at org.eclipse.jetty.servlet.ServletHandler.doScope(ServletHandler.java:484) ~[jetty-servlet-10.0.19.jar:10.0.19]
	at org.eclipse.jetty.server.session.SessionHandler.doScope(SessionHandler.java:1553) ~[jetty-server-10.0.19.jar:10.0.19]
	at org.eclipse.jetty.server.handler.ScopedHandler.nextScope(ScopedHandler.java:174) ~[jetty-server-10.0.19.jar:10.0.19]
	at org.eclipse.jetty.server.handler.ContextHandler.doScope(ContextHandler.java:1306) ~[jetty-server-10.0.19.jar:10.0.19]
	at org.eclipse.jetty.server.handler.ScopedHandler.handle(ScopedHandler.java:129) ~[jetty-server-10.0.19.jar:10.0.19]
	at org.eclipse.jetty.server.handler.ContextHandlerCollection.handle(ContextHandlerCollection.java:149) ~[jetty-server-10.0.19.jar:10.0.19]
	at org.eclipse.jetty.server.handler.InetAccessHandler.handle(InetAccessHandler.java:228) ~[jetty-server-10.0.19.jar:10.0.19]
	at org.eclipse.jetty.server.handler.HandlerCollection.handle(HandlerCollection.java:141) ~[jetty-server-10.0.19.jar:10.0.19]
	at org.eclipse.jetty.server.handler.HandlerWrapper.handle(HandlerWrapper.java:122) ~[jetty-server-10.0.19.jar:10.0.19]
	at org.eclipse.jetty.rewrite.handler.RewriteHandler.handle(RewriteHandler.java:301) ~[jetty-rewrite-10.0.19.jar:10.0.19]
	at org.eclipse.jetty.server.handler.HandlerWrapper.handle(HandlerWrapper.java:122) ~[jetty-server-10.0.19.jar:10.0.19]
	at org.eclipse.jetty.server.handler.gzip.GzipHandler.handle(GzipHandler.java:822) ~[jetty-server-10.0.19.jar:10.0.19]
	at org.eclipse.jetty.server.handler.HandlerWrapper.handle(HandlerWrapper.java:122) ~[jetty-server-10.0.19.jar:10.0.19]
	at org.eclipse.jetty.server.Server.handle(Server.java:563) ~[jetty-server-10.0.19.jar:10.0.19]
	at org.eclipse.jetty.server.HttpChannel$RequestDispatchable.dispatch(HttpChannel.java:1598) ~[jetty-server-10.0.19.jar:10.0.19]
	at org.eclipse.jetty.server.HttpChannel.dispatch(HttpChannel.java:753) ~[jetty-server-10.0.19.jar:10.0.19]
	at org.eclipse.jetty.server.HttpChannel.handle(HttpChannel.java:501) ~[jetty-server-10.0.19.jar:10.0.19]
	at org.eclipse.jetty.server.HttpConnection.onFillable(HttpConnection.java:287) ~[jetty-server-10.0.19.jar:10.0.19]
	at org.eclipse.jetty.io.AbstractConnection$ReadCallback.succeeded(AbstractConnection.java:314) ~[jetty-io-10.0.19.jar:10.0.19]
	at org.eclipse.jetty.io.FillInterest.fillable(FillInterest.java:100) ~[jetty-io-10.0.19.jar:10.0.19]
	at org.eclipse.jetty.io.SelectableChannelEndPoint$1.run(SelectableChannelEndPoint.java:53) ~[jetty-io-10.0.19.jar:10.0.19]
	at org.eclipse.jetty.util.thread.strategy.AdaptiveExecutionStrategy.runTask(AdaptiveExecutionStrategy.java:421) ~[jetty-util-10.0.19.jar:10.0.19]
	at org.eclipse.jetty.util.thread.strategy.AdaptiveExecutionStrategy.consumeTask(AdaptiveExecutionStrategy.java:390) ~[jetty-util-10.0.19.jar:10.0.19]
	at org.eclipse.jetty.util.thread.strategy.AdaptiveExecutionStrategy.tryProduce(AdaptiveExecutionStrategy.java:277) ~[jetty-util-10.0.19.jar:10.0.19]
	at org.eclipse.jetty.util.thread.strategy.AdaptiveExecutionStrategy.produce(AdaptiveExecutionStrategy.java:193) ~[jetty-util-10.0.19.jar:10.0.19]
	at org.eclipse.jetty.util.thread.QueuedThreadPool.runJob(QueuedThreadPool.java:969) ~[jetty-util-10.0.19.jar:10.0.19]
	at org.eclipse.jetty.util.thread.QueuedThreadPool$Runner.doRunJob(QueuedThreadPool.java:1194) ~[jetty-util-10.0.19.jar:10.0.19]
	at org.eclipse.jetty.util.thread.QueuedThreadPool$Runner.run(QueuedThreadPool.java:1149) ~[jetty-util-10.0.19.jar:10.0.19]
	at java.base/java.lang.Thread.run(Unknown Source) [?:?]
2025-11-17 21:02:15.809 INFO  (qtp693267461-32-null-6) [c: s: r: x:rag_core t:null-6] o.a.s.c.S.Request webapp=/solr path=/schema params={} status=400 QTime=0
2025-11-17 21:02:15.818 ERROR (qtp693267461-33-null-7) [c: s: r: x:rag_core t:null-7] o.a.s.s.SchemaManager Could not add field => org.apache.solr.common.SolrException: Field 'lemmas' already exists.
	at org.apache.solr.schema.ManagedIndexSchema.newField(ManagedIndexSchema.java:1313)
org.apache.solr.common.SolrException: Field 'lemmas' already exists.
	at org.apache.solr.schema.ManagedIndexSchema.newField(ManagedIndexSchema.java:1313) ~[?:?]
	at org.apache.solr.schema.SchemaManager$OpType$3.perform(SchemaManager.java:277) ~[?:?]
	at org.apache.solr.schema.SchemaManager.doOperations(SchemaManager.java:115) ~[?:?]
	at org.apache.solr.schema.SchemaManager.performOperations(SchemaManager.java:95) ~[?:?]
	at org.apache.solr.handler.SchemaHandler.handleRequestBody(SchemaHandler.java:90) ~[?:?]
	at org.apache.solr.handler.RequestHandlerBase.handleRequest(RequestHandlerBase.java:226) ~[?:?]
	at org.apache.solr.core.SolrCore.execute(SolrCore.java:2884) ~[?:?]
	at org.apache.solr.servlet.HttpSolrCall.executeCoreRequest(HttpSolrCall.java:875) ~[?:?]
	at org.apache.solr.servlet.HttpSolrCall.call(HttpSolrCall.java:561) ~[?:?]
	at org.apache.solr.servlet.SolrDispatchFilter.dispatch(SolrDispatchFilter.java:262) ~[?:?]
	at org.apache.solr.servlet.SolrDispatchFilter.lambda$doFilter$0(SolrDispatchFilter.java:219) ~[?:?]
	at org.apache.solr.servlet.ServletUtils.traceHttpRequestExecution2(ServletUtils.java:249) ~[?:?]
	at org.apache.solr.servlet.ServletUtils.rateLimitRequest(ServletUtils.java:215) ~[?:?]
	at org.apache.solr.servlet.SolrDispatchFilter.doFilter(SolrDispatchFilter.java:213) ~[?:?]
	at org.apache.solr.servlet.SolrDispatchFilter.doFilter(SolrDispatchFilter.java:195) ~[?:?]
	at org.eclipse.jetty.servlet.FilterHolder.doFilter(FilterHolder.java:210) ~[jetty-servlet-10.0.19.jar:10.0.19]
	at org.eclipse.jetty.servlet.ServletHandler$Chain.doFilter(ServletHandler.java:1635) ~[jetty-servlet-10.0.19.jar:10.0.19]
	at org.eclipse.jetty.servlet.ServletHandler.doHandle(ServletHandler.java:527) ~[jetty-servlet-10.0.19.jar:10.0.19]
	at org.eclipse.jetty.server.handler.ScopedHandler.handle(ScopedHandler.java:131) ~[jetty-server-10.0.19.jar:10.0.19]
	at org.eclipse.jetty.security.SecurityHandler.handle(SecurityHandler.java:598) ~[jetty-security-10.0.19.jar:10.0.19]
	at org.eclipse.jetty.server.handler.HandlerWrapper.handle(HandlerWrapper.java:122) ~[jetty-server-10.0.19.jar:10.0.19]
	at org.eclipse.jetty.server.handler.ScopedHandler.nextHandle(ScopedHandler.java:223) ~[jetty-server-10.0.19.jar:10.0.19]
	at org.eclipse.jetty.server.session.SessionHandler.doHandle(SessionHandler.java:1580) ~[jetty-server-10.0.19.jar:10.0.19]
	at org.eclipse.jetty.server.handler.ScopedHandler.nextHandle(ScopedHandler.java:221) ~[jetty-server-10.0.19.jar:10.0.19]
	at org.eclipse.jetty.server.handler.ContextHandler.doHandle(ContextHandler.java:1384) ~[jetty-server-10.0.19.jar:10.0.19]
	at org.eclipse.jetty.server.handler.ScopedHandler.nextScope(ScopedHandler.java:176) ~[jetty-server-10.0.19.jar:10.0.19]
	at org.eclipse.jetty.servlet.ServletHandler.doScope(ServletHandler.java:484) ~[jetty-servlet-10.0.19.jar:10.0.19]
	at org.eclipse.jetty.server.session.SessionHandler.doScope(SessionHandler.java:1553) ~[jetty-server-10.0.19.jar:10.0.19]
	at org.eclipse.jetty.server.handler.ScopedHandler.nextScope(ScopedHandler.java:174) ~[jetty-server-10.0.19.jar:10.0.19]
	at org.eclipse.jetty.server.handler.ContextHandler.doScope(ContextHandler.java:1306) ~[jetty-server-10.0.19.jar:10.0.19]
	at org.eclipse.jetty.server.handler.ScopedHandler.handle(ScopedHandler.java:129) ~[jetty-server-10.0.19.jar:10.0.19]
	at org.eclipse.jetty.server.handler.ContextHandlerCollection.handle(ContextHandlerCollection.java:149) ~[jetty-server-10.0.19.jar:10.0.19]
	at org.eclipse.jetty.server.handler.InetAccessHandler.handle(InetAccessHandler.java:228) ~[jetty-server-10.0.19.jar:10.0.19]
	at org.eclipse.jetty.server.handler.HandlerCollection.handle(HandlerCollection.java:141) ~[jetty-server-10.0.19.jar:10.0.19]
	at org.eclipse.jetty.server.handler.HandlerWrapper.handle(HandlerWrapper.java:122) ~[jetty-server-10.0.19.jar:10.0.19]
	at org.eclipse.jetty.rewrite.handler.RewriteHandler.handle(RewriteHandler.java:301) ~[jetty-rewrite-10.0.19.jar:10.0.19]
	at org.eclipse.jetty.server.handler.HandlerWrapper.handle(HandlerWrapper.java:122) ~[jetty-server-10.0.19.jar:10.0.19]
	at org.eclipse.jetty.server.handler.gzip.GzipHandler.handle(GzipHandler.java:822) ~[jetty-server-10.0.19.jar:10.0.19]
	at org.eclipse.jetty.server.handler.HandlerWrapper.handle(HandlerWrapper.java:122) ~[jetty-server-10.0.19.jar:10.0.19]
	at org.eclipse.jetty.server.Server.handle(Server.java:563) ~[jetty-server-10.0.19.jar:10.0.19]
	at org.eclipse.jetty.server.HttpChannel$RequestDispatchable.dispatch(HttpChannel.java:1598) ~[jetty-server-10.0.19.jar:10.0.19]
	at org.eclipse.jetty.server.HttpChannel.dispatch(HttpChannel.java:753) ~[jetty-server-10.0.19.jar:10.0.19]
	at org.eclipse.jetty.server.HttpChannel.handle(HttpChannel.java:501) ~[jetty-server-10.0.19.jar:10.0.19]
	at org.eclipse.jetty.server.HttpConnection.onFillable(HttpConnection.java:287) ~[jetty-server-10.0.19.jar:10.0.19]
	at org.eclipse.jetty.io.AbstractConnection$ReadCallback.succeeded(AbstractConnection.java:314) ~[jetty-io-10.0.19.jar:10.0.19]
	at org.eclipse.jetty.io.FillInterest.fillable(FillInterest.java:100) ~[jetty-io-10.0.19.jar:10.0.19]
	at org.eclipse.jetty.io.SelectableChannelEndPoint$1.run(SelectableChannelEndPoint.java:53) ~[jetty-io-10.0.19.jar:10.0.19]
	at org.eclipse.jetty.util.thread.strategy.AdaptiveExecutionStrategy.runTask(AdaptiveExecutionStrategy.java:421) ~[jetty-util-10.0.19.jar:10.0.19]
	at org.eclipse.jetty.util.thread.strategy.AdaptiveExecutionStrategy.consumeTask(AdaptiveExecutionStrategy.java:390) ~[jetty-util-10.0.19.jar:10.0.19]
	at org.eclipse.jetty.util.thread.strategy.AdaptiveExecutionStrategy.tryProduce(AdaptiveExecutionStrategy.java:277) ~[jetty-util-10.0.19.jar:10.0.19]
	at org.eclipse.jetty.util.thread.strategy.AdaptiveExecutionStrategy.produce(AdaptiveExecutionStrategy.java:193) ~[jetty-util-10.0.19.jar:10.0.19]
	at org.eclipse.jetty.util.thread.QueuedThreadPool.runJob(QueuedThreadPool.java:969) ~[jetty-util-10.0.19.jar:10.0.19]
	at org.eclipse.jetty.util.thread.QueuedThreadPool$Runner.doRunJob(QueuedThreadPool.java:1194) ~[jetty-util-10.0.19.jar:10.0.19]
	at org.eclipse.jetty.util.thread.QueuedThreadPool$Runner.run(QueuedThreadPool.java:1149) ~[jetty-util-10.0.19.jar:10.0.19]
	at java.base/java.lang.Thread.run(Unknown Source) [?:?]
2025-11-17 21:02:15.818 ERROR (qtp693267461-33-null-7) [c: s: r: x:rag_core t:null-7] o.a.s.h.RequestHandlerBase Client exception => org.apache.solr.api.ApiBag$ExceptionWithErrObject: error processing commands, errors: [{errorMessages=[Field 'lemmas' already exists.
], add-field={name=lemmas, type=text_general, stored=true, indexed=true}}], 
org.apache.solr.api.ApiBag$ExceptionWithErrObject: error processing commands, errors: [{errorMessages=[Field 'lemmas' already exists.
], add-field={name=lemmas, type=text_general, stored=true, indexed=true}}], 
	at org.apache.solr.handler.SchemaHandler.handleRequestBody(SchemaHandler.java:92) ~[?:?]
	at org.apache.solr.handler.RequestHandlerBase.handleRequest(RequestHandlerBase.java:226) ~[?:?]
	at org.apache.solr.core.SolrCore.execute(SolrCore.java:2884) ~[?:?]
	at org.apache.solr.servlet.HttpSolrCall.executeCoreRequest(HttpSolrCall.java:875) ~[?:?]
	at org.apache.solr.servlet.HttpSolrCall.call(HttpSolrCall.java:561) ~[?:?]
	at org.apache.solr.servlet.SolrDispatchFilter.dispatch(SolrDispatchFilter.java:262) ~[?:?]
	at org.apache.solr.servlet.SolrDispatchFilter.lambda$doFilter$0(SolrDispatchFilter.java:219) ~[?:?]
	at org.apache.solr.servlet.ServletUtils.traceHttpRequestExecution2(ServletUtils.java:249) ~[?:?]
	at org.apache.solr.servlet.ServletUtils.rateLimitRequest(ServletUtils.java:215) ~[?:?]
	at org.apache.solr.servlet.SolrDispatchFilter.doFilter(SolrDispatchFilter.java:213) ~[?:?]
	at org.apache.solr.servlet.SolrDispatchFilter.doFilter(SolrDispatchFilter.java:195) ~[?:?]
	at org.eclipse.jetty.servlet.FilterHolder.doFilter(FilterHolder.java:210) ~[jetty-servlet-10.0.19.jar:10.0.19]
	at org.eclipse.jetty.servlet.ServletHandler$Chain.doFilter(ServletHandler.java:1635) ~[jetty-servlet-10.0.19.jar:10.0.19]
	at org.eclipse.jetty.servlet.ServletHandler.doHandle(ServletHandler.java:527) ~[jetty-servlet-10.0.19.jar:10.0.19]
	at org.eclipse.jetty.server.handler.ScopedHandler.handle(ScopedHandler.java:131) ~[jetty-server-10.0.19.jar:10.0.19]
	at org.eclipse.jetty.security.SecurityHandler.handle(SecurityHandler.java:598) ~[jetty-security-10.0.19.jar:10.0.19]
	at org.eclipse.jetty.server.handler.HandlerWrapper.handle(HandlerWrapper.java:122) ~[jetty-server-10.0.19.jar:10.0.19]
	at org.eclipse.jetty.server.handler.ScopedHandler.nextHandle(ScopedHandler.java:223) ~[jetty-server-10.0.19.jar:10.0.19]
	at org.eclipse.jetty.server.session.SessionHandler.doHandle(SessionHandler.java:1580) ~[jetty-server-10.0.19.jar:10.0.19]
	at org.eclipse.jetty.server.handler.ScopedHandler.nextHandle(ScopedHandler.java:221) ~[jetty-server-10.0.19.jar:10.0.19]
	at org.eclipse.jetty.server.handler.ContextHandler.doHandle(ContextHandler.java:1384) ~[jetty-server-10.0.19.jar:10.0.19]
	at org.eclipse.jetty.server.handler.ScopedHandler.nextScope(ScopedHandler.java:176) ~[jetty-server-10.0.19.jar:10.0.19]
	at org.eclipse.jetty.servlet.ServletHandler.doScope(ServletHandler.java:484) ~[jetty-servlet-10.0.19.jar:10.0.19]
	at org.eclipse.jetty.server.session.SessionHandler.doScope(SessionHandler.java:1553) ~[jetty-server-10.0.19.jar:10.0.19]
	at org.eclipse.jetty.server.handler.ScopedHandler.nextScope(ScopedHandler.java:174) ~[jetty-server-10.0.19.jar:10.0.19]
	at org.eclipse.jetty.server.handler.ContextHandler.doScope(ContextHandler.java:1306) ~[jetty-server-10.0.19.jar:10.0.19]
	at org.eclipse.jetty.server.handler.ScopedHandler.handle(ScopedHandler.java:129) ~[jetty-server-10.0.19.jar:10.0.19]
	at org.eclipse.jetty.server.handler.ContextHandlerCollection.handle(ContextHandlerCollection.java:149) ~[jetty-server-10.0.19.jar:10.0.19]
	at org.eclipse.jetty.server.handler.InetAccessHandler.handle(InetAccessHandler.java:228) ~[jetty-server-10.0.19.jar:10.0.19]
	at org.eclipse.jetty.server.handler.HandlerCollection.handle(HandlerCollection.java:141) ~[jetty-server-10.0.19.jar:10.0.19]
	at org.eclipse.jetty.server.handler.HandlerWrapper.handle(HandlerWrapper.java:122) ~[jetty-server-10.0.19.jar:10.0.19]
	at org.eclipse.jetty.rewrite.handler.RewriteHandler.handle(RewriteHandler.java:301) ~[jetty-rewrite-10.0.19.jar:10.0.19]
	at org.eclipse.jetty.server.handler.HandlerWrapper.handle(HandlerWrapper.java:122) ~[jetty-server-10.0.19.jar:10.0.19]
	at org.eclipse.jetty.server.handler.gzip.GzipHandler.handle(GzipHandler.java:822) ~[jetty-server-10.0.19.jar:10.0.19]
	at org.eclipse.jetty.server.handler.HandlerWrapper.handle(HandlerWrapper.java:122) ~[jetty-server-10.0.19.jar:10.0.19]
	at org.eclipse.jetty.server.Server.handle(Server.java:563) ~[jetty-server-10.0.19.jar:10.0.19]
	at org.eclipse.jetty.server.HttpChannel$RequestDispatchable.dispatch(HttpChannel.java:1598) ~[jetty-server-10.0.19.jar:10.0.19]
	at org.eclipse.jetty.server.HttpChannel.dispatch(HttpChannel.java:753) ~[jetty-server-10.0.19.jar:10.0.19]
	at org.eclipse.jetty.server.HttpChannel.handle(HttpChannel.java:501) ~[jetty-server-10.0.19.jar:10.0.19]
	at org.eclipse.jetty.server.HttpConnection.onFillable(HttpConnection.java:287) ~[jetty-server-10.0.19.jar:10.0.19]
	at org.eclipse.jetty.io.AbstractConnection$ReadCallback.succeeded(AbstractConnection.java:314) ~[jetty-io-10.0.19.jar:10.0.19]
	at org.eclipse.jetty.io.FillInterest.fillable(FillInterest.java:100) ~[jetty-io-10.0.19.jar:10.0.19]
	at org.eclipse.jetty.io.SelectableChannelEndPoint$1.run(SelectableChannelEndPoint.java:53) ~[jetty-io-10.0.19.jar:10.0.19]
	at org.eclipse.jetty.util.thread.strategy.AdaptiveExecutionStrategy.runTask(AdaptiveExecutionStrategy.java:421) ~[jetty-util-10.0.19.jar:10.0.19]
	at org.eclipse.jetty.util.thread.strategy.AdaptiveExecutionStrategy.consumeTask(AdaptiveExecutionStrategy.java:390) ~[jetty-util-10.0.19.jar:10.0.19]
	at org.eclipse.jetty.util.thread.strategy.AdaptiveExecutionStrategy.tryProduce(AdaptiveExecutionStrategy.java:277) ~[jetty-util-10.0.19.jar:10.0.19]
	at org.eclipse.jetty.util.thread.strategy.AdaptiveExecutionStrategy.produce(AdaptiveExecutionStrategy.java:193) ~[jetty-util-10.0.19.jar:10.0.19]
	at org.eclipse.jetty.util.thread.QueuedThreadPool.runJob(QueuedThreadPool.java:969) ~[jetty-util-10.0.19.jar:10.0.19]
	at org.eclipse.jetty.util.thread.QueuedThreadPool$Runner.doRunJob(QueuedThreadPool.java:1194) ~[jetty-util-10.0.19.jar:10.0.19]
	at org.eclipse.jetty.util.thread.QueuedThreadPool$Runner.run(QueuedThreadPool.java:1149) ~[jetty-util-10.0.19.jar:10.0.19]
	at java.base/java.lang.Thread.run(Unknown Source) [?:?]
2025-11-17 21:02:15.818 INFO  (qtp693267461-33-null-7) [c: s: r: x:rag_core t:null-7] o.a.s.c.S.Request webapp=/solr path=/schema params={} status=400 QTime=0
2025-11-17 21:02:18.599 INFO  (qtp693267461-26-null-8) [c: s: r: x:rag_core t:null-8] o.a.s.c.S.Request webapp=/solr path=/select params={q=*:*&rows=0} hits=354 status=0 QTime=2
2025-11-17 21:02:19.084 INFO  (searcherExecutor-13-thread-1-processing-rag_core null-9) [c: s: r: x:rag_core t:null-9] o.a.s.c.QuerySenderListener QuerySenderListener done.
2025-11-17 21:02:19.091 INFO  (searcherExecutor-13-thread-1-processing-rag_core null-9) [c: s: r: x:rag_core t:null-9] o.a.s.c.SolrCore Registered new searcher autowarm time: 2 ms
2025-11-17 21:02:19.098 INFO  (qtp693267461-27-null-9) [c: s: r: x:rag_core t:null-9] o.a.s.u.p.LogUpdateProcessorFactory webapp=/solr path=/update params={commit=true}{add=[S00000 (1849072904952610816), S00001 (1849072904977776640), S00002 (1849072904984068096), S00003 (1849072904989310976), S00004 (1849072904993505280), S00005 (1849072904998748160), S00006 (1849072905002942464), S00007 (1849072905014476800), S00008 (1849072905017622528), S00009 (1849072905022865408), ... (50 adds)], commit=} 0 492
2025-11-17 21:02:19.368 INFO  (searcherExecutor-13-thread-1-processing-rag_core null-10) [c: s: r: x:rag_core t:null-10] o.a.s.c.QuerySenderListener QuerySenderListener done.
2025-11-17 21:02:19.373 INFO  (searcherExecutor-13-thread-1-processing-rag_core null-10) [c: s: r: x:rag_core t:null-10] o.a.s.c.SolrCore Registered new searcher autowarm time: 0 ms
2025-11-17 21:02:19.376 INFO  (qtp693267461-54-null-10) [c: s: r: x:rag_core t:null-10] o.a.s.u.p.LogUpdateProcessorFactory webapp=/solr path=/update params={commit=true}{add=[S00050 (1849072905465364480), S00051 (1849072905468510208), S00052 (1849072905470607360), S00053 (1849072905471655936), S00054 (1849072905473753088), S00055 (1849072905477947392), S00056 (1849072905480044544), S00057 (1849072905480044545), S00058 (1849072905482141696), S00059 (1849072905484238848), ... (50 adds)], commit=} 0 271
2025-11-17 21:02:19.719 INFO  (searcherExecutor-13-thread-1-processing-rag_core null-11) [c: s: r: x:rag_core t:null-11] o.a.s.c.QuerySenderListener QuerySenderListener done.
2025-11-17 21:02:19.722 INFO  (searcherExecutor-13-thread-1-processing-rag_core null-11) [c: s: r: x:rag_core t:null-11] o.a.s.c.SolrCore Registered new searcher autowarm time: 0 ms
2025-11-17 21:02:19.724 INFO  (qtp693267461-55-null-11) [c: s: r: x:rag_core t:null-11] o.a.s.u.p.LogUpdateProcessorFactory webapp=/solr path=/update params={commit=true}{add=[S00100 (1849072905761062912), S00101 (1849072905765257216), S00102 (1849072905766305792), S00103 (1849072905767354368), S00104 (1849072905768402944), S00105 (1849072905770500096), S00106 (1849072905771548672), S00107 (1849072905773645824), S00108 (1849072905775742976), S00109 (1849072905776791552), ... (50 adds)], commit=} 0 338
2025-11-17 21:02:19.940 INFO  (searcherExecutor-13-thread-1-processing-rag_core null-12) [c: s: r: x:rag_core t:null-12] o.a.s.c.QuerySenderListener QuerySenderListener done.
2025-11-17 21:02:19.942 INFO  (searcherExecutor-13-thread-1-processing-rag_core null-12) [c: s: r: x:rag_core t:null-12] o.a.s.c.SolrCore Registered new searcher autowarm time: 0 ms
2025-11-17 21:02:19.945 INFO  (qtp693267461-28-null-12) [c: s: r: x:rag_core t:null-12] o.a.s.u.p.LogUpdateProcessorFactory webapp=/solr path=/update params={commit=true}{add=[S00150 (1849072906120724480), S00151 (1849072906122821632), S00152 (1849072906124918784), S00153 (1849072906127015936), S00154 (1849072906128064512), S00155 (1849072906130161664), S00156 (1849072906131210240), S00157 (1849072906133307392), S00158 (1849072906133307393), S00159 (1849072906134355968), ... (27 adds)], commit=} 0 214
2025-11-17 21:03:03.241 INFO  (qtp693267461-29-null-13) [c: s: r: x:rag_core t:null-13] o.a.s.c.S.Request webapp=/solr path=/select params={q=*:*&rows=0} hits=354 status=0 QTime=1
2025-11-17 21:03:09.286 INFO  (qtp693267461-30-null-14) [c: s: r: x:rag_core t:null-14] o.a.s.c.S.Request webapp=/solr path=/select params={q=*:*&rows=0} hits=354 status=0 QTime=0
2025-11-17 21:54:17.055 INFO  (qtp693267461-61-null-15) [c: s: r: x:rag_core t:null-15] o.a.s.c.S.Request webapp=/solr path=/select params={q=participación+de+empresas+privadas+en+el+conflicto&fl=id,score,text&rows=5&wt=json} hits=0 status=0 QTime=47
2025-11-17 22:01:27.736 INFO  (qtp693267461-63-null-16) [c: s: r: x:rag_core t:null-16] o.a.s.c.S.Request webapp=/solr path=/select params={q=participación+de+empresas+privadas+en+el+conflicto&fl=id,score,text&rows=5&wt=json} hits=0 status=0 QTime=1
2025-11-17 22:03:01.653 INFO  (qtp693267461-55-null-17) [c: s: r: x:rag_core t:null-17] o.a.s.c.S.Request webapp=/solr path=/schema/fields params={} status=0 QTime=13
2025-11-17 22:03:11.054 INFO  (qtp693267461-28-null-18) [c: s: r: x:rag_core t:null-18] o.a.s.c.S.Request webapp=/solr path=/schema/fields params={} status=0 QTime=0
2025-11-17 22:04:30.306 INFO  (qtp693267461-32-null-19) [c: s: r: x:rag_core t:null-19] o.a.s.c.S.Request webapp=/solr path=/select params={q=participación+de+empresas+privadas+en+el+conflicto&fl=id,score,section_title,text_raw&rows=5&wt=json} hits=0 status=0 QTime=0
2025-11-17 22:05:15.429 INFO  (qtp693267461-29-null-20) [c: s: r: x:rag_core t:null-20] o.a.s.c.S.Request webapp=/solr path=/select params={q=*:*&rows=0&wt=json} hits=354 status=0 QTime=0
2025-11-17 22:05:34.508 INFO  (qtp693267461-30-null-21) [c: s: r: x:rag_core t:null-21] o.a.s.c.S.Request webapp=/solr path=/select params={q=conflicto&fl=id,text_raw&rows=5&wt=json} hits=0 status=0 QTime=0
2025-11-17 22:07:03.913 INFO  (qtp693267461-31-null-22) [c: s: r: x:rag_core t:null-22] o.a.s.c.S.Request webapp=/solr path=/select params={q=*:*&fl=id,section_title,text_raw&rows=1&wt=json} hits=354 status=0 QTime=20
2025-11-17 22:08:56.247 INFO  (qtp693267461-60-null-23) [c: s: r: x:rag_core t:null-23] o.a.s.c.S.Request webapp=/solr path=/select params={q=text_raw:(participación+de+empresas+privadas+en+el+conflicto)&fl=id,score,section_title,text_raw&rows=5&wt=json} hits=350 status=0 QTime=30
2025-11-17 22:10:23.426 INFO  (qtp693267461-28-null-24) [c: s: r: x:rag_core t:null-24] o.a.s.c.S.Request webapp=/solr path=/select params={q=text_raw:(participación+de+empresas+privadas+en+el+conflicto)&fl=id,score,section_title,text_raw&rows=5&wt=json} hits=350 status=0 QTime=1
2025-11-17 22:11:00.940 INFO  (qtp693267461-54-null-25) [c: s: r: x:rag_core t:null-25] o.a.s.c.S.Request webapp=/solr path=/select params={q=text_raw:(¿Cómo+participaron+las+empresas+privadas+en+el+conflicto+armado?)&fl=id,score,section_title,text_raw&rows=5&wt=json} hits=350 status=0 QTime=56
